<?xml version="1.0" encoding="UTF-8"?>
<!-- Generated by org.testng.reporters.JUnitXMLReporter -->
<testsuite hostname="LT-MRADFORD01" ignored="0" name="Login" tests="4" failures="0" timestamp="2022-03-22T20:00:13 PDT" time="29.184" errors="0">
  <testcase name="CheckLoginError" time="5.423" classname="automationFramework.TSLogin"/>
  <testcase name="CheckLoginError" time="2.285" classname="automationFramework.TSLogin"/>
  <testcase name="CheckLoginError" time="2.102" classname="automationFramework.TSLogin"/>
  <testcase name="CheckLoginError" time="2.49" classname="automationFramework.TSLogin"/>
</testsuite> <!-- Login -->
