<?xml version="1.0" encoding="UTF-8"?>
<!-- Generated by org.testng.reporters.JUnitXMLReporter -->
<testsuite hostname="LT-MRADFORD01" ignored="0" name="OS patching" tests="38" failures="0" timestamp="2022-10-25T19:39:48 PDT" time="233.699" errors="0">
  <testcase name="AmpSearchForums" time="21.333" classname="automationFramework.TSSearch"/>
  <testcase name="AmpSearchForums" time="4.729" classname="automationFramework.TSSearch"/>
  <testcase name="AmpSearchForums" time="4.128" classname="automationFramework.TSSearch"/>
  <testcase name="AmpSearchForums" time="4.793" classname="automationFramework.TSSearch"/>
  <testcase name="AmpSearchForums" time="5.108" classname="automationFramework.TSSearch"/>
  <testcase name="AmpSearchForums" time="4.147" classname="automationFramework.TSSearch"/>
  <testcase name="AmpSearchForums" time="5.157" classname="automationFramework.TSSearch"/>
  <testcase name="AmpSearchForums" time="4.461" classname="automationFramework.TSSearch"/>
  <testcase name="AmpSearchForums" time="4.4" classname="automationFramework.TSSearch"/>
  <testcase name="AmpSearchForums" time="3.995" classname="automationFramework.TSSearch"/>
  <testcase name="AmpSearchForums" time="4.749" classname="automationFramework.TSSearch"/>
  <testcase name="AmpSearchForums" time="4.571" classname="automationFramework.TSSearch"/>
  <testcase name="AmpSearchForums" time="4.862" classname="automationFramework.TSSearch"/>
  <testcase name="AmpSearchForums" time="5.173" classname="automationFramework.TSSearch"/>
  <testcase name="AmpSearchForums" time="5.001" classname="automationFramework.TSSearch"/>
  <testcase name="AmpSearchForums" time="4.622" classname="automationFramework.TSSearch"/>
  <testcase name="AmpSearchForums" time="4.598" classname="automationFramework.TSSearch"/>
  <testcase name="AmpSearchForums" time="4.882" classname="automationFramework.TSSearch"/>
  <testcase name="SearchAndSort" time="15.682" classname="automationFramework.TSSearch"/>
  <testcase name="SearchFilterValues" time="17.855" classname="automationFramework.TSSearch"/>
  <testcase name="SearchSpellSP" time="3.055" classname="automationFramework.TSSearch"/>
  <testcase name="SearchSpellSP" time="3.423" classname="automationFramework.TSSearch"/>
  <testcase name="SearchSpellSP" time="3.09" classname="automationFramework.TSSearch"/>
  <testcase name="SearchSpellSP" time="3.59" classname="automationFramework.TSSearch"/>
  <testcase name="SearchSpellSP" time="3.917" classname="automationFramework.TSSearch"/>
  <testcase name="SearchSpellSP" time="3.251" classname="automationFramework.TSSearch"/>
  <testcase name="SearchSpellSP" time="3.645" classname="automationFramework.TSSearch"/>
  <testcase name="SearchSpellSP" time="2.833" classname="automationFramework.TSSearch"/>
  <testcase name="SearchSpellSP" time="3.177" classname="automationFramework.TSSearch"/>
  <testcase name="SearchSpellSP" time="2.783" classname="automationFramework.TSSearch"/>
  <testcase name="SearchSpellSP" time="3.146" classname="automationFramework.TSSearch"/>
  <testcase name="SearchSpellSP" time="2.768" classname="automationFramework.TSSearch"/>
  <testcase name="SearchSpellSP" time="3.08" classname="automationFramework.TSSearch"/>
  <testcase name="SearchSpellSP" time="3.887" classname="automationFramework.TSSearch"/>
  <testcase name="SearchSpellSP" time="3.553" classname="automationFramework.TSSearch"/>
  <testcase name="SearchSpellSP" time="3.237" classname="automationFramework.TSSearch"/>
  <testcase name="SearchSpellSP" time="2.696" classname="automationFramework.TSSearch"/>
  <testcase name="SearchSpellSP" time="2.549" classname="automationFramework.TSSearch"/>
</testsuite> <!-- OS patching -->
