<?xml version="1.0" encoding="UTF-8"?>
<!-- Generated by org.testng.reporters.JUnitXMLReporter -->
<testsuite hostname="LT-MRADFORD01" ignored="0" name="Verify Pages" tests="126" failures="2" timestamp="2022-10-25T19:51:49 PDT" time="385.582" errors="0">
  <testcase name="checkBoostPages" time="15.473" classname="automationFramework.TSVerifyPages"/>
  <testcase name="checkBoostPages" time="3.623" classname="automationFramework.TSVerifyPages"/>
  <testcase name="checkBoostPages" time="6.701" classname="automationFramework.TSVerifyPages"/>
  <testcase name="checkBoostPages" time="3.599" classname="automationFramework.TSVerifyPages"/>
  <testcase name="checkBoostPages" time="3.868" classname="automationFramework.TSVerifyPages"/>
  <testcase name="checkBoostPages" time="4.357" classname="automationFramework.TSVerifyPages"/>
  <testcase name="checkCategoryPages" time="3.799" classname="automationFramework.TSVerifyPages"/>
  <testcase name="checkCategoryPages" time="2.705" classname="automationFramework.TSVerifyPages"/>
  <testcase name="checkCategoryPages" time="2.459" classname="automationFramework.TSVerifyPages"/>
  <testcase name="checkCategoryPages" time="2.278" classname="automationFramework.TSVerifyPages"/>
  <testcase name="checkCategoryPages" time="2.143" classname="automationFramework.TSVerifyPages"/>
  <testcase name="checkCategoryPages" time="4.063" classname="automationFramework.TSVerifyPages"/>
  <testcase name="checkCategoryPages" time="2.1" classname="automationFramework.TSVerifyPages"/>
  <testcase name="checkCategoryPages" time="2.671" classname="automationFramework.TSVerifyPages"/>
  <testcase name="checkCategoryPages" time="2.746" classname="automationFramework.TSVerifyPages"/>
  <testcase name="checkCategoryPages" time="2.693" classname="automationFramework.TSVerifyPages"/>
  <testcase name="checkCategoryPages" time="2.901" classname="automationFramework.TSVerifyPages"/>
  <testcase name="checkCategoryPages" time="2.806" classname="automationFramework.TSVerifyPages"/>
  <testcase name="checkCategoryPages" time="4.672" classname="automationFramework.TSVerifyPages"/>
  <testcase name="checkCategoryPages" time="2.784" classname="automationFramework.TSVerifyPages"/>
  <testcase name="checkCategoryPages" time="2.289" classname="automationFramework.TSVerifyPages"/>
  <testcase name="checkCategoryPages" time="3.337" classname="automationFramework.TSVerifyPages"/>
  <testcase name="checkCategoryPages" time="2.351" classname="automationFramework.TSVerifyPages"/>
  <testcase name="checkCategoryPages" time="3.086" classname="automationFramework.TSVerifyPages"/>
  <testcase name="checkCategoryPages" time="2.332" classname="automationFramework.TSVerifyPages"/>
  <testcase name="checkCategoryPages" time="2.98" classname="automationFramework.TSVerifyPages"/>
  <testcase name="checkCategoryPages" time="3.154" classname="automationFramework.TSVerifyPages"/>
  <testcase name="checkCategoryPages" time="2.812" classname="automationFramework.TSVerifyPages"/>
  <testcase name="checkDiscontinuedEPDP" time="5.689" classname="automationFramework.TSVerifyPages"/>
  <testcase name="checkDiscontinuedEPDP" time="7.573" classname="automationFramework.TSVerifyPages"/>
  <testcase name="checkDonorPages" time="2.832" classname="automationFramework.TSVerifyPages"/>
  <testcase name="checkDonorPages" time="2.674" classname="automationFramework.TSVerifyPages"/>
  <testcase name="checkDonorPages" time="2.977" classname="automationFramework.TSVerifyPages"/>
  <testcase name="checkDonorPages" time="2.689" classname="automationFramework.TSVerifyPages"/>
  <testcase name="checkDonorPages" time="2.635" classname="automationFramework.TSVerifyPages"/>
  <testcase name="checkDonorPages" time="2.527" classname="automationFramework.TSVerifyPages"/>
  <testcase name="checkDonorPages" time="2.448" classname="automationFramework.TSVerifyPages"/>
  <testcase name="checkDonorPages" time="2.85" classname="automationFramework.TSVerifyPages"/>
  <testcase name="checkDonorPages" time="2.241" classname="automationFramework.TSVerifyPages"/>
  <testcase name="checkDonorPages" time="2.892" classname="automationFramework.TSVerifyPages"/>
  <testcase name="checkDonorPages" time="2.602" classname="automationFramework.TSVerifyPages"/>
  <testcase name="checkDonorPages" time="2.386" classname="automationFramework.TSVerifyPages"/>
  <testcase name="checkDonorPages" time="2.806" classname="automationFramework.TSVerifyPages"/>
  <testcase name="checkDonorPages" time="2.716" classname="automationFramework.TSVerifyPages"/>
  <testcase name="checkDonorPages" time="2.274" classname="automationFramework.TSVerifyPages"/>
  <testcase name="checkDonorPages" time="3.283" classname="automationFramework.TSVerifyPages"/>
  <testcase name="checkDonorPages" time="2.622" classname="automationFramework.TSVerifyPages"/>
  <testcase name="checkDonorPages" time="1.774" classname="automationFramework.TSVerifyPages"/>
  <testcase name="checkDonorPages" time="3.335" classname="automationFramework.TSVerifyPages"/>
  <testcase name="checkDonorPages" time="2.693" classname="automationFramework.TSVerifyPages"/>
  <testcase name="checkDonorPages" time="3.025" classname="automationFramework.TSVerifyPages"/>
  <testcase name="checkDonorPages" time="2.033" classname="automationFramework.TSVerifyPages"/>
  <testcase name="checkDonorPages" time="2.511" classname="automationFramework.TSVerifyPages"/>
  <testcase name="checkDonorPages" time="2.904" classname="automationFramework.TSVerifyPages"/>
  <testcase name="checkDonorPages" time="2.667" classname="automationFramework.TSVerifyPages"/>
  <testcase name="checkDonorPages" time="2.708" classname="automationFramework.TSVerifyPages"/>
  <testcase name="checkDonorPages" time="1.92" classname="automationFramework.TSVerifyPages"/>
  <testcase name="checkDonorPages" time="2.86" classname="automationFramework.TSVerifyPages"/>
  <testcase name="checkDonorPages" time="2.927" classname="automationFramework.TSVerifyPages"/>
  <testcase name="checkDonorPages" time="2.426" classname="automationFramework.TSVerifyPages"/>
  <testcase name="checkDonorPages" time="2.177" classname="automationFramework.TSVerifyPages"/>
  <testcase name="checkDonorPages" time="2.374" classname="automationFramework.TSVerifyPages"/>
  <testcase name="checkDonorPages" time="2.245" classname="automationFramework.TSVerifyPages"/>
  <testcase name="checkDonorPages" time="1.968" classname="automationFramework.TSVerifyPages"/>
  <testcase name="checkDonorPages" time="2.714" classname="automationFramework.TSVerifyPages"/>
  <testcase name="checkDonorPages" time="2.616" classname="automationFramework.TSVerifyPages"/>
  <testcase name="checkDonorPages" time="2.264" classname="automationFramework.TSVerifyPages"/>
  <testcase name="checkDonorPages" time="3.224" classname="automationFramework.TSVerifyPages"/>
  <testcase name="checkDonorPages" time="3.725" classname="automationFramework.TSVerifyPages"/>
  <testcase name="checkDonorPages" time="2.533" classname="automationFramework.TSVerifyPages"/>
  <testcase name="checkDonorPages" time="2.248" classname="automationFramework.TSVerifyPages"/>
  <testcase name="checkDonorPages" time="2.31" classname="automationFramework.TSVerifyPages"/>
  <testcase name="checkDonorPages" time="2.445" classname="automationFramework.TSVerifyPages"/>
  <testcase name="checkDonorPages" time="2.302" classname="automationFramework.TSVerifyPages"/>
  <testcase name="checkDonorPages" time="2.638" classname="automationFramework.TSVerifyPages"/>
  <testcase name="checkDonorPages" time="2.085" classname="automationFramework.TSVerifyPages"/>
  <testcase name="checkDonorPages" time="5.414" classname="automationFramework.TSVerifyPages"/>
  <testcase name="checkDonorPages" time="4.803" classname="automationFramework.TSVerifyPages"/>
  <testcase name="checkDonorPages" time="4.036" classname="automationFramework.TSVerifyPages"/>
  <testcase name="checkDonorPages" time="2.447" classname="automationFramework.TSVerifyPages"/>
  <testcase name="checkDonorPages" time="2.383" classname="automationFramework.TSVerifyPages"/>
  <testcase name="checkDonorPages" time="2.886" classname="automationFramework.TSVerifyPages"/>
  <testcase name="checkDonorPages" time="2.124" classname="automationFramework.TSVerifyPages"/>
  <testcase name="checkDonorPages" time="1.954" classname="automationFramework.TSVerifyPages"/>
  <testcase name="checkDonorPages" time="2.501" classname="automationFramework.TSVerifyPages"/>
  <testcase name="checkDonorPages" time="2.613" classname="automationFramework.TSVerifyPages"/>
  <testcase name="checkDonorPages" time="2.202" classname="automationFramework.TSVerifyPages"/>
  <testcase name="checkDonorPages" time="2.768" classname="automationFramework.TSVerifyPages"/>
  <testcase name="checkDonorPages" time="2.462" classname="automationFramework.TSVerifyPages"/>
  <testcase name="checkDonorPages" time="1.89" classname="automationFramework.TSVerifyPages"/>
  <testcase name="checkDonorPages" time="3.038" classname="automationFramework.TSVerifyPages"/>
  <testcase name="checkDonorPages" time="2.511" classname="automationFramework.TSVerifyPages"/>
  <testcase name="checkDonorPages" time="1.905" classname="automationFramework.TSVerifyPages"/>
  <testcase name="checkDonorPages" time="3.993" classname="automationFramework.TSVerifyPages"/>
  <testcase name="checkDonorPages" time="2.651" classname="automationFramework.TSVerifyPages"/>
  <testcase name="checkDonorPages" time="3.094" classname="automationFramework.TSVerifyPages"/>
  <testcase name="checkDonorPages" time="1.889" classname="automationFramework.TSVerifyPages"/>
  <testcase name="checkDonorPages" time="2.331" classname="automationFramework.TSVerifyPages"/>
  <testcase name="checkDonorPages" time="2.763" classname="automationFramework.TSVerifyPages"/>
  <testcase name="checkDonorPages" time="2.599" classname="automationFramework.TSVerifyPages"/>
  <testcase name="checkDonorPages" time="2.116" classname="automationFramework.TSVerifyPages"/>
  <testcase name="checkDonorPages" time="3.072" classname="automationFramework.TSVerifyPages"/>
  <testcase name="checkDonorPages" time="2.277" classname="automationFramework.TSVerifyPages"/>
  <testcase name="checkDonorPages" time="2.062" classname="automationFramework.TSVerifyPages"/>
  <testcase name="checkDonorPages" time="2.308" classname="automationFramework.TSVerifyPages"/>
  <testcase name="checkDonorPages" time="2.782" classname="automationFramework.TSVerifyPages"/>
  <testcase name="checkDonorPages" time="2.491" classname="automationFramework.TSVerifyPages"/>
  <testcase name="checkDonorPages" time="2.915" classname="automationFramework.TSVerifyPages"/>
  <testcase name="checkDonorPages" time="1.834" classname="automationFramework.TSVerifyPages"/>
  <testcase name="checkDonorPages" time="2.463" classname="automationFramework.TSVerifyPages"/>
  <testcase name="checkDonorPages" time="3.083" classname="automationFramework.TSVerifyPages"/>
  <testcase name="checkDonorPages" time="2.395" classname="automationFramework.TSVerifyPages"/>
  <testcase name="checkDonorPages" time="1.893" classname="automationFramework.TSVerifyPages"/>
  <testcase name="checkDonorPages" time="2.296" classname="automationFramework.TSVerifyPages"/>
  <testcase name="checkDonorPages" time="2.695" classname="automationFramework.TSVerifyPages"/>
  <testcase name="checkDonorPages" time="2.484" classname="automationFramework.TSVerifyPages"/>
  <testcase name="checkDonorPages" time="2.779" classname="automationFramework.TSVerifyPages"/>
  <testcase name="checkDonorPages" time="3.007" classname="automationFramework.TSVerifyPages"/>
  <testcase name="checkDonorPages" time="2.948" classname="automationFramework.TSVerifyPages"/>
  <testcase name="checkURLRedriect" time="3.792" classname="automationFramework.TSVerifyPages"/>
  <testcase name="checkURLRedriect" time="3.844" classname="automationFramework.TSVerifyPages"/>
  <testcase name="checkURLRedriect" time="4.046" classname="automationFramework.TSVerifyPages"/>
  <testcase name="checkURLRedriect" time="3.013" classname="automationFramework.TSVerifyPages"/>
  <testcase name="checkURLRedriect" time="4.021" classname="automationFramework.TSVerifyPages"/>
  <testcase name="checkURLRedriect" time="3.29" classname="automationFramework.TSVerifyPages">
    <failure type="java.lang.AssertionError" message="expected [https://www.techsoup.org/products/slug-test-g-40882-] but found [https://www.techsoup.org/training-and-education]">
      <![CDATA[java.lang.AssertionError: expected [https://www.techsoup.org/products/slug-test-g-40882-] but found [https://www.techsoup.org/training-and-education]
at automationFramework.TSVerifyPages.checkURLRedriect(TSVerifyPages.java:182)
at java.util.ArrayList.forEach(ArrayList.java:1257)
... Removed 32 stack frames]]>
    </failure>
  </testcase> <!-- checkURLRedriect -->
  <testcase name="checkURLRedriect" time="22.204" classname="automationFramework.TSVerifyPages">
    <failure type="java.lang.NullPointerException">
      <![CDATA[java.lang.NullPointerException
at appModule.Listeners.onTestFailure(Listeners.java:51)
at java.util.ArrayList.forEach(ArrayList.java:1257)
... Removed 24 stack frames]]>
    </failure>
  </testcase> <!-- checkURLRedriect -->
</testsuite> <!-- Verify Pages -->
