<?xml version="1.0" encoding="UTF-8"?>
<!-- Generated by org.testng.reporters.JUnitXMLReporter -->
<testsuite hostname="LT-MRADFORD01" ignored="0" name="Prod testing" tests="2" failures="2" timestamp="2020-02-14T11:26:09 PST" time="74.392" errors="0">
  <testcase name="Add_org" time="57.915" classname="automationFramework.TSAddOrg">
    <failure type="java.sql.SQLException" message="I/O Error: SSO Failed: Native SSPI library not loaded. Check the java.library.path system property.">
      <![CDATA[java.sql.SQLException: I/O Error: SSO Failed: Native SSPI library not loaded. Check the java.library.path system property.
at net.sourceforge.jtds.jdbc.TdsCore.login(TdsCore.java:654)
at net.sourceforge.jtds.jdbc.JtdsConnection.<init>(JtdsConnection.java:371)
at net.sourceforge.jtds.jdbc.Driver.connect(Driver.java:184)
at java.sql.DriverManager.getConnection(DriverManager.java:664)
at java.sql.DriverManager.getConnection(DriverManager.java:270)
at automationFramework.TSAddOrg.Add_org(TSAddOrg.java:174)
at java.util.concurrent.ThreadPoolExecutor.runWorker(ThreadPoolExecutor.java:1149)
at java.util.concurrent.ThreadPoolExecutor$Worker.run(ThreadPoolExecutor.java:624)
at java.lang.Thread.run(Thread.java:748)
Caused by: java.io.IOException: SSO Failed: Native SSPI library not loaded. Check the java.library.path system property.
at net.sourceforge.jtds.jdbc.TdsCore.sendMSLoginPkt(TdsCore.java:1963)
at net.sourceforge.jtds.jdbc.TdsCore.login(TdsCore.java:617)
... 20 more
... Removed 12 stack frames]]>
    </failure>
  </testcase> <!-- Add_org -->
  <testcase name="Add_org" time="59.675" classname="automationFramework.TSAddOrg">
    <failure type="java.lang.NullPointerException">
      <![CDATA[java.lang.NullPointerException
at appModule.Listeners.onTestFailure(Listeners.java:51)
at java.util.concurrent.ThreadPoolExecutor.runWorker(ThreadPoolExecutor.java:1149)
at java.util.concurrent.ThreadPoolExecutor$Worker.run(ThreadPoolExecutor.java:624)
at java.lang.Thread.run(Thread.java:748)
... Removed 9 stack frames]]>
    </failure>
  </testcase> <!-- Add_org -->
</testsuite> <!-- Prod testing -->
