<?xml version="1.0" encoding="UTF-8"?>
<!-- Generated by org.testng.reporters.JUnitXMLReporter -->
<testsuite hostname="LT-MRADFORD01" ignored="0" name="Production Release AVAST 7/11" tests="4" failures="2" timestamp="2020-07-11T19:16:12 PDT" time="391.694" errors="0">
  <testcase name="CCCheckout" time="133.252" classname="automationFramework.TSCheckout"/>
  <testcase name="CheckoutVerifyDiscounted" time="114.564" classname="automationFramework.TSCheckout"/>
  <testcase name="CheckoutVerifyShipping" time="128.019" classname="automationFramework.TSCheckout">
    <failure type="java.lang.NullPointerException">
      <![CDATA[java.lang.NullPointerException
at pageObjects.cartPage.CheckOutVerify(cartPage.java:803)
at automationFramework.TSCheckout.CheckoutVerifyShipping(TSCheckout.java:149)
at java.util.concurrent.ThreadPoolExecutor.runWorker(ThreadPoolExecutor.java:1149)
at java.util.concurrent.ThreadPoolExecutor$Worker.run(ThreadPoolExecutor.java:624)
at java.lang.Thread.run(Thread.java:748)
... Removed 12 stack frames]]>
    </failure>
  </testcase> <!-- CheckoutVerifyShipping -->
  <testcase name="CheckoutVerifyShipping" time="129.086" classname="automationFramework.TSCheckout">
    <failure type="java.lang.NullPointerException">
      <![CDATA[java.lang.NullPointerException
at appModule.Listeners.onTestFailure(Listeners.java:51)
at java.util.concurrent.ThreadPoolExecutor.runWorker(ThreadPoolExecutor.java:1149)
at java.util.concurrent.ThreadPoolExecutor$Worker.run(ThreadPoolExecutor.java:624)
at java.lang.Thread.run(Thread.java:748)
... Removed 9 stack frames]]>
    </failure>
  </testcase> <!-- CheckoutVerifyShipping -->
</testsuite> <!-- Production Release AVAST 7/11 -->
