<?xml version="1.0" encoding="UTF-8"?>
<!-- Generated by org.testng.reporters.JUnitXMLReporter -->
<testsuite hostname="LT-MRADFORD01" ignored="0" name="Stage ACH Testing" tests="23" failures="0" timestamp="2020-08-12T09:29:18 PDT" time="73.987" errors="0">
  <testcase name="CheckLoginError" time="6.083" classname="automationFramework.TSLogin"/>
  <testcase name="Join_TS" time="6.595" classname="automationFramework.TSJoin"/>
  <testcase name="VerifyJoinErrorMessages" time="3.334" classname="automationFramework.TSJoin"/>
  <testcase name="CheckLoginError" time="5.295" classname="automationFramework.TSLogin"/>
  <testcase name="VerifyJoinTS" time="4.231" classname="automationFramework.TSJoin"/>
  <testcase name="CheckLoginError" time="3.677" classname="automationFramework.TSLogin"/>
  <testcase name="VerifyPWMessages" time="1.953" classname="automationFramework.TSJoin"/>
  <testcase name="VerifyPWMessages" time="3.05" classname="automationFramework.TSJoin"/>
  <testcase name="CheckLoginError" time="5.156" classname="automationFramework.TSLogin"/>
  <testcase name="VerifyPWMessages" time="2.717" classname="automationFramework.TSJoin"/>
  <testcase name="VerifyPWMessages" time="2.181" classname="automationFramework.TSJoin"/>
  <testcase name="VerifyPWMessages" time="1.929" classname="automationFramework.TSJoin"/>
  <testcase name="VerifyPWMessages" time="1.975" classname="automationFramework.TSJoin"/>
  <testcase name="VerifyPWMessages" time="1.905" classname="automationFramework.TSJoin"/>
  <testcase name="VerifyValidPW" time="1.824" classname="automationFramework.TSJoin"/>
  <testcase name="VerifyValidPW" time="1.965" classname="automationFramework.TSJoin"/>
  <testcase name="VerifyValidPW" time="1.94" classname="automationFramework.TSJoin"/>
  <testcase name="VerifyValidPW" time="2.143" classname="automationFramework.TSJoin"/>
  <testcase name="VerifyValidPW" time="1.995" classname="automationFramework.TSJoin"/>
  <testcase name="VerifyValidPW" time="1.935" classname="automationFramework.TSJoin"/>
  <testcase name="VerifyValidPW" time="1.823" classname="automationFramework.TSJoin"/>
  <testcase name="VerifyValidPW" time="1.814" classname="automationFramework.TSJoin"/>
  <testcase name="VerifyValidPW" time="1.909" classname="automationFramework.TSJoin"/>
</testsuite> <!-- Stage ACH Testing -->
