<html>
<head>
<title>TestNG:  three</title>
<link href="../testng.css" rel="stylesheet" type="text/css" />
<link href="../my-testng.css" rel="stylesheet" type="text/css" />

<style type="text/css">
.log { display: none;} 
.stack-trace { display: none;} 
</style>
<script type="text/javascript">
<!--
function flip(e) {
  current = e.style.display;
  if (current == 'block') {
    e.style.display = 'none';
    return 0;
  }
  else {
    e.style.display = 'block';
    return 1;
  }
}

function toggleBox(szDivId, elem, msg1, msg2)
{
  var res = -1;  if (document.getElementById) {
    res = flip(document.getElementById(szDivId));
  }
  else if (document.all) {
    // this is the way old msie versions work
    res = flip(document.all[szDivId]);
  }
  if(elem) {
    if(res == 0) elem.innerHTML = msg1; else elem.innerHTML = msg2;
  }

}

function toggleAllBoxes() {
  if (document.getElementsByTagName) {
    d = document.getElementsByTagName('div');
    for (i = 0; i < d.length; i++) {
      if (d[i].className == 'log') {
        flip(d[i]);
      }
    }
  }
}

// -->
</script>

</head>
<body>
<h2 align='center'>three</h2><table border='1' align="center">
<tr>
<td>Tests passed/Failed/Skipped:</td><td>117/0/0</td>
</tr><tr>
<td>Started on:</td><td>Mon Oct 14 16:55:20 PDT 2019</td>
</tr>
<tr><td>Total time:</td><td>1120 seconds (1120518 ms)</td>
</tr><tr>
<td>Included groups:</td><td></td>
</tr><tr>
<td>Excluded groups:</td><td></td>
</tr>
</table><p/>
<small><i>(Hover the method name to see the test class name)</i></small><p/>
<table width='100%' border='1' class='invocation-failed'>
<tr><td colspan='4' align='center'><b>FAILED TESTS</b></td></tr>
<tr><td><b>Test method</b></td>
<td width="30%"><b>Exception</b></td>
<td width="10%"><b>Time (seconds)</b></td>
<td><b>Instance</b></td>
</tr>
<tr>
<td title='automationFramework.TSBoostCheckOut.BoostCheckoutNotBoostMember()'><b>BoostCheckoutNotBoostMember</b><br>Test class: automationFramework.TSBoostCheckOut</td>
<td><div><pre>org.openqa.selenium.NoSuchElementException: no such element: Unable to locate element: {&quot;method&quot;:&quot;css selector&quot;,&quot;selector&quot;:&quot;#navCart &gt; span.glyphicon.glyphicon-shopping-cart&quot;}
  (Session info: chrome=77.0.3865.120)
  (Driver info: chromedriver=2.43.600210 (68dcf5eebde37173d4027fa8635e332711d2874a),platform=Windows NT 6.1.7601 SP1 x86_64) (WARNING: The server did not provide any stacktrace information)
Command duration or timeout: 0 milliseconds
For documentation on this error, please visit: https://www.seleniumhq.org/exceptions/no_such_element.html
Build info: version: &apos;3.141.59&apos;, revision: &apos;e82be7d358&apos;, time: &apos;2018-11-14T08:25:48&apos;
System info: host: &apos;LT-MRADFORD2&apos;, ip: &apos;10.200.25.82&apos;, os.name: &apos;Windows 7&apos;, os.arch: &apos;amd64&apos;, os.version: &apos;6.1&apos;, java.version: &apos;1.8.0_211&apos;
Driver info: org.openqa.selenium.chrome.ChromeDriver
Capabilities {acceptInsecureCerts: false, acceptSslCerts: false, applicationCacheEnabled: false, browserConnectionEnabled: false, browserName: chrome, chrome: {chromedriverVersion: 2.43.600210 (68dcf5eebde371..., userDataDir: C:\Users\mradford\AppData\L...}, cssSelectorsEnabled: true, databaseEnabled: false, goog:chromeOptions: {debuggerAddress: localhost:46557}, handlesAlerts: true, hasTouchScreen: false, javascriptEnabled: true, locationContextEnabled: true, mobileEmulationEnabled: false, nativeEvents: true, networkConnectionEnabled: false, pageLoadStrategy: normal, platform: XP, platformName: XP, rotatable: false, setWindowRect: true, takesHeapSnapshot: true, takesScreenshot: true, unexpectedAlertBehaviour: , unhandledPromptBehavior: , version: 77.0.3865.120, webStorageEnabled: true}
Session ID: 0c3c12c71e4c4c775e39e39370be89fa
*** Element info: {Using=css selector, value=#navCart &gt; span.glyphicon.glyphicon-shopping-cart}
	at org.openqa.selenium.remote.ErrorHandler.createThrowable(ErrorHandler.java:214)
	at org.openqa.selenium.remote.ErrorHandler.throwIfResponseFailed(ErrorHandler.java:166)
	at org.openqa.selenium.remote.http.JsonHttpResponseCodec.reconstructValue(JsonHttpResponseCodec.java:40)
	at org.openqa.selenium.remote.http.AbstractHttpResponseCodec.decode(AbstractHttpResponseCodec.java:80)
	at org.openqa.selenium.remote.http.AbstractHttpResponseCodec.decode(AbstractHttpResponseCodec.java:44)
	at org.openqa.selenium.remote.HttpCommandExecutor.execute(HttpCommandExecutor.java:158)
	at org.openqa.selenium.remote.service.DriverCommandExecutor.execute(DriverCommandExecutor.java:83)
	at org.openqa.selenium.remote.RemoteWebDriver.execute(RemoteWebDriver.java:552)
	at org.openqa.selenium.remote.RemoteWebDriver.findElement(RemoteWebDriver.java:323)
	at org.openqa.selenium.remote.RemoteWebDriver.findElementByCssSelector(RemoteWebDriver.java:420)
	at org.openqa.selenium.By$ByCssSelector.findElement(By.java:431)
	at org.openqa.selenium.remote.RemoteWebDriver.findElement(RemoteWebDriver.java:315)
	at pageObjects.HomePage.lnk_Cart(HomePage.java:413)
	at pageObjects.cartPage.EmptyCart(cartPage.java:387)
	at pageObjects.cartPage.AddItemToCart(cartPage.java:400)
	at pageObjects.cartPage.CheckOut(cartPage.java:496)
	at automationFramework.TSBoostCheckOut.BoostCheckoutNotBoostMember(TSBoostCheckOut.java:67)
	at java.util.concurrent.ThreadPoolExecutor.runWorker(Unknown Source)
	at java.util.concurrent.ThreadPoolExecutor$Worker.run(Unknown Source)
	at java.lang.Thread.run(Unknown Source)
... Removed 14 stack frames</pre></div><a href='#' onClick='toggleBox("stack-trace81269359", this, "Click to show all stack frames", "Click to hide stack frames")'>Click to show all stack frames</a>
<div class='stack-trace' id='stack-trace81269359'><pre>org.openqa.selenium.NoSuchElementException: no such element: Unable to locate element: {&quot;method&quot;:&quot;css selector&quot;,&quot;selector&quot;:&quot;#navCart &gt; span.glyphicon.glyphicon-shopping-cart&quot;}
  (Session info: chrome=77.0.3865.120)
  (Driver info: chromedriver=2.43.600210 (68dcf5eebde37173d4027fa8635e332711d2874a),platform=Windows NT 6.1.7601 SP1 x86_64) (WARNING: The server did not provide any stacktrace information)
Command duration or timeout: 0 milliseconds
For documentation on this error, please visit: https://www.seleniumhq.org/exceptions/no_such_element.html
Build info: version: &apos;3.141.59&apos;, revision: &apos;e82be7d358&apos;, time: &apos;2018-11-14T08:25:48&apos;
System info: host: &apos;LT-MRADFORD2&apos;, ip: &apos;10.200.25.82&apos;, os.name: &apos;Windows 7&apos;, os.arch: &apos;amd64&apos;, os.version: &apos;6.1&apos;, java.version: &apos;1.8.0_211&apos;
Driver info: org.openqa.selenium.chrome.ChromeDriver
Capabilities {acceptInsecureCerts: false, acceptSslCerts: false, applicationCacheEnabled: false, browserConnectionEnabled: false, browserName: chrome, chrome: {chromedriverVersion: 2.43.600210 (68dcf5eebde371..., userDataDir: C:\Users\mradford\AppData\L...}, cssSelectorsEnabled: true, databaseEnabled: false, goog:chromeOptions: {debuggerAddress: localhost:46557}, handlesAlerts: true, hasTouchScreen: false, javascriptEnabled: true, locationContextEnabled: true, mobileEmulationEnabled: false, nativeEvents: true, networkConnectionEnabled: false, pageLoadStrategy: normal, platform: XP, platformName: XP, rotatable: false, setWindowRect: true, takesHeapSnapshot: true, takesScreenshot: true, unexpectedAlertBehaviour: , unhandledPromptBehavior: , version: 77.0.3865.120, webStorageEnabled: true}
Session ID: 0c3c12c71e4c4c775e39e39370be89fa
*** Element info: {Using=css selector, value=#navCart &gt; span.glyphicon.glyphicon-shopping-cart}
	at sun.reflect.NativeConstructorAccessorImpl.newInstance0(Native Method)
	at sun.reflect.NativeConstructorAccessorImpl.newInstance(Unknown Source)
	at sun.reflect.DelegatingConstructorAccessorImpl.newInstance(Unknown Source)
	at java.lang.reflect.Constructor.newInstance(Unknown Source)
	at org.openqa.selenium.remote.ErrorHandler.createThrowable(ErrorHandler.java:214)
	at org.openqa.selenium.remote.ErrorHandler.throwIfResponseFailed(ErrorHandler.java:166)
	at org.openqa.selenium.remote.http.JsonHttpResponseCodec.reconstructValue(JsonHttpResponseCodec.java:40)
	at org.openqa.selenium.remote.http.AbstractHttpResponseCodec.decode(AbstractHttpResponseCodec.java:80)
	at org.openqa.selenium.remote.http.AbstractHttpResponseCodec.decode(AbstractHttpResponseCodec.java:44)
	at org.openqa.selenium.remote.HttpCommandExecutor.execute(HttpCommandExecutor.java:158)
	at org.openqa.selenium.remote.service.DriverCommandExecutor.execute(DriverCommandExecutor.java:83)
	at org.openqa.selenium.remote.RemoteWebDriver.execute(RemoteWebDriver.java:552)
	at org.openqa.selenium.remote.RemoteWebDriver.findElement(RemoteWebDriver.java:323)
	at org.openqa.selenium.remote.RemoteWebDriver.findElementByCssSelector(RemoteWebDriver.java:420)
	at org.openqa.selenium.By$ByCssSelector.findElement(By.java:431)
	at org.openqa.selenium.remote.RemoteWebDriver.findElement(RemoteWebDriver.java:315)
	at pageObjects.HomePage.lnk_Cart(HomePage.java:413)
	at pageObjects.cartPage.EmptyCart(cartPage.java:387)
	at pageObjects.cartPage.AddItemToCart(cartPage.java:400)
	at pageObjects.cartPage.CheckOut(cartPage.java:496)
	at automationFramework.TSBoostCheckOut.BoostCheckoutNotBoostMember(TSBoostCheckOut.java:67)
	at sun.reflect.NativeMethodAccessorImpl.invoke0(Native Method)
	at sun.reflect.NativeMethodAccessorImpl.invoke(Unknown Source)
	at sun.reflect.DelegatingMethodAccessorImpl.invoke(Unknown Source)
	at java.lang.reflect.Method.invoke(Unknown Source)
	at org.testng.internal.MethodInvocationHelper.invokeMethod(MethodInvocationHelper.java:124)
	at org.testng.internal.Invoker.invokeMethod(Invoker.java:583)
	at org.testng.internal.Invoker.invokeTestMethod(Invoker.java:719)
	at org.testng.internal.Invoker.invokeTestMethods(Invoker.java:989)
	at org.testng.internal.TestMethodWorker.invokeTestMethods(TestMethodWorker.java:125)
	at org.testng.internal.TestMethodWorker.run(TestMethodWorker.java:109)
	at java.util.concurrent.ThreadPoolExecutor.runWorker(Unknown Source)
	at java.util.concurrent.ThreadPoolExecutor$Worker.run(Unknown Source)
	at java.lang.Thread.run(Unknown Source)
</pre></div></td>
<td>285</td>
<td>automationFramework.TSBoostCheckOut@3f49dace</td></tr>
<tr>
<td title='automationFramework.TSBoostCheckOut.BoostCheckoutNotBoostMember()'><b>BoostCheckoutNotBoostMember</b><br>Test class: automationFramework.TSBoostCheckOut</td>
<td><div><pre>java.lang.NullPointerException
	at appModule.Listeners.onTestFailure(Listeners.java:51)
	at java.util.concurrent.ThreadPoolExecutor.runWorker(Unknown Source)
	at java.util.concurrent.ThreadPoolExecutor$Worker.run(Unknown Source)
	at java.lang.Thread.run(Unknown Source)
... Removed 7 stack frames</pre></div><a href='#' onClick='toggleBox("stack-trace1832657711", this, "Click to show all stack frames", "Click to hide stack frames")'>Click to show all stack frames</a>
<div class='stack-trace' id='stack-trace1832657711'><pre>java.lang.NullPointerException
	at appModule.Listeners.onTestFailure(Listeners.java:51)
	at org.testng.internal.TestListenerHelper.runTestListeners(TestListenerHelper.java:67)
	at org.testng.internal.Invoker.runTestListeners(Invoker.java:1389)
	at org.testng.internal.Invoker.invokeMethod(Invoker.java:636)
	at org.testng.internal.Invoker.invokeTestMethod(Invoker.java:719)
	at org.testng.internal.Invoker.invokeTestMethods(Invoker.java:989)
	at org.testng.internal.TestMethodWorker.invokeTestMethods(TestMethodWorker.java:125)
	at org.testng.internal.TestMethodWorker.run(TestMethodWorker.java:109)
	at java.util.concurrent.ThreadPoolExecutor.runWorker(Unknown Source)
	at java.util.concurrent.ThreadPoolExecutor$Worker.run(Unknown Source)
	at java.lang.Thread.run(Unknown Source)
</pre></div></td>
<td>286</td>
<td>automationFramework.TSBoostCheckOut@3f49dace</td></tr>
<tr>
<td title='automationFramework.TSMyAccount.MyAccount_Edit()'><b>MyAccount_Edit</b><br>Test class: automationFramework.TSMyAccount<br>Parameters: This is first name but with lots of characters, This is the last name but with lots of characters</td>
<td><div><pre>org.openqa.selenium.NoSuchElementException: no such element: Unable to locate element: {&quot;method&quot;:&quot;css selector&quot;,&quot;selector&quot;:&quot;#DeltaPlaceHolderMain &gt; header &gt; div &gt; div &gt; div &gt; h1&quot;}
  (Session info: chrome=77.0.3865.120)
  (Driver info: chromedriver=2.43.600210 (68dcf5eebde37173d4027fa8635e332711d2874a),platform=Windows NT 6.1.7601 SP1 x86_64) (WARNING: The server did not provide any stacktrace information)
Command duration or timeout: 0 milliseconds
For documentation on this error, please visit: https://www.seleniumhq.org/exceptions/no_such_element.html
Build info: version: &apos;3.141.59&apos;, revision: &apos;e82be7d358&apos;, time: &apos;2018-11-14T08:25:48&apos;
System info: host: &apos;LT-MRADFORD2&apos;, ip: &apos;10.200.25.82&apos;, os.name: &apos;Windows 7&apos;, os.arch: &apos;amd64&apos;, os.version: &apos;6.1&apos;, java.version: &apos;1.8.0_211&apos;
Driver info: org.openqa.selenium.chrome.ChromeDriver
Capabilities {acceptInsecureCerts: false, acceptSslCerts: false, applicationCacheEnabled: false, browserConnectionEnabled: false, browserName: chrome, chrome: {chromedriverVersion: 2.43.600210 (68dcf5eebde371..., userDataDir: C:\Users\mradford\AppData\L...}, cssSelectorsEnabled: true, databaseEnabled: false, goog:chromeOptions: {debuggerAddress: localhost:46673}, handlesAlerts: true, hasTouchScreen: false, javascriptEnabled: true, locationContextEnabled: true, mobileEmulationEnabled: false, nativeEvents: true, networkConnectionEnabled: false, pageLoadStrategy: normal, platform: XP, platformName: XP, rotatable: false, setWindowRect: true, takesHeapSnapshot: true, takesScreenshot: true, unexpectedAlertBehaviour: , unhandledPromptBehavior: , version: 77.0.3865.120, webStorageEnabled: true}
Session ID: 920523d25815f2290d0e9bff0f5d6a4b
*** Element info: {Using=css selector, value=#DeltaPlaceHolderMain &gt; header &gt; div &gt; div &gt; div &gt; h1}
	at org.openqa.selenium.remote.ErrorHandler.createThrowable(ErrorHandler.java:214)
	at org.openqa.selenium.remote.ErrorHandler.throwIfResponseFailed(ErrorHandler.java:166)
	at org.openqa.selenium.remote.http.JsonHttpResponseCodec.reconstructValue(JsonHttpResponseCodec.java:40)
	at org.openqa.selenium.remote.http.AbstractHttpResponseCodec.decode(AbstractHttpResponseCodec.java:80)
	at org.openqa.selenium.remote.http.AbstractHttpResponseCodec.decode(AbstractHttpResponseCodec.java:44)
	at org.openqa.selenium.remote.HttpCommandExecutor.execute(HttpCommandExecutor.java:158)
	at org.openqa.selenium.remote.service.DriverCommandExecutor.execute(DriverCommandExecutor.java:83)
	at org.openqa.selenium.remote.RemoteWebDriver.execute(RemoteWebDriver.java:552)
	at org.openqa.selenium.remote.RemoteWebDriver.findElement(RemoteWebDriver.java:323)
	at org.openqa.selenium.remote.RemoteWebDriver.findElementByCssSelector(RemoteWebDriver.java:420)
	at org.openqa.selenium.By$ByCssSelector.findElement(By.java:431)
	at org.openqa.selenium.remote.RemoteWebDriver.findElement(RemoteWebDriver.java:315)
	at pageObjects.MyAccountPage.lblAccountPageTitle(MyAccountPage.java:23)
	at pageObjects.MemberDetailsPage.EditMember(MemberDetailsPage.java:84)
	at automationFramework.TSMyAccount.MyAccount_Edit(TSMyAccount.java:62)
	at java.util.concurrent.ThreadPoolExecutor.runWorker(Unknown Source)
	at java.util.concurrent.ThreadPoolExecutor$Worker.run(Unknown Source)
	at java.lang.Thread.run(Unknown Source)
... Removed 14 stack frames</pre></div><a href='#' onClick='toggleBox("stack-trace1800959603", this, "Click to show all stack frames", "Click to hide stack frames")'>Click to show all stack frames</a>
<div class='stack-trace' id='stack-trace1800959603'><pre>org.openqa.selenium.NoSuchElementException: no such element: Unable to locate element: {&quot;method&quot;:&quot;css selector&quot;,&quot;selector&quot;:&quot;#DeltaPlaceHolderMain &gt; header &gt; div &gt; div &gt; div &gt; h1&quot;}
  (Session info: chrome=77.0.3865.120)
  (Driver info: chromedriver=2.43.600210 (68dcf5eebde37173d4027fa8635e332711d2874a),platform=Windows NT 6.1.7601 SP1 x86_64) (WARNING: The server did not provide any stacktrace information)
Command duration or timeout: 0 milliseconds
For documentation on this error, please visit: https://www.seleniumhq.org/exceptions/no_such_element.html
Build info: version: &apos;3.141.59&apos;, revision: &apos;e82be7d358&apos;, time: &apos;2018-11-14T08:25:48&apos;
System info: host: &apos;LT-MRADFORD2&apos;, ip: &apos;10.200.25.82&apos;, os.name: &apos;Windows 7&apos;, os.arch: &apos;amd64&apos;, os.version: &apos;6.1&apos;, java.version: &apos;1.8.0_211&apos;
Driver info: org.openqa.selenium.chrome.ChromeDriver
Capabilities {acceptInsecureCerts: false, acceptSslCerts: false, applicationCacheEnabled: false, browserConnectionEnabled: false, browserName: chrome, chrome: {chromedriverVersion: 2.43.600210 (68dcf5eebde371..., userDataDir: C:\Users\mradford\AppData\L...}, cssSelectorsEnabled: true, databaseEnabled: false, goog:chromeOptions: {debuggerAddress: localhost:46673}, handlesAlerts: true, hasTouchScreen: false, javascriptEnabled: true, locationContextEnabled: true, mobileEmulationEnabled: false, nativeEvents: true, networkConnectionEnabled: false, pageLoadStrategy: normal, platform: XP, platformName: XP, rotatable: false, setWindowRect: true, takesHeapSnapshot: true, takesScreenshot: true, unexpectedAlertBehaviour: , unhandledPromptBehavior: , version: 77.0.3865.120, webStorageEnabled: true}
Session ID: 920523d25815f2290d0e9bff0f5d6a4b
*** Element info: {Using=css selector, value=#DeltaPlaceHolderMain &gt; header &gt; div &gt; div &gt; div &gt; h1}
	at sun.reflect.NativeConstructorAccessorImpl.newInstance0(Native Method)
	at sun.reflect.NativeConstructorAccessorImpl.newInstance(Unknown Source)
	at sun.reflect.DelegatingConstructorAccessorImpl.newInstance(Unknown Source)
	at java.lang.reflect.Constructor.newInstance(Unknown Source)
	at org.openqa.selenium.remote.ErrorHandler.createThrowable(ErrorHandler.java:214)
	at org.openqa.selenium.remote.ErrorHandler.throwIfResponseFailed(ErrorHandler.java:166)
	at org.openqa.selenium.remote.http.JsonHttpResponseCodec.reconstructValue(JsonHttpResponseCodec.java:40)
	at org.openqa.selenium.remote.http.AbstractHttpResponseCodec.decode(AbstractHttpResponseCodec.java:80)
	at org.openqa.selenium.remote.http.AbstractHttpResponseCodec.decode(AbstractHttpResponseCodec.java:44)
	at org.openqa.selenium.remote.HttpCommandExecutor.execute(HttpCommandExecutor.java:158)
	at org.openqa.selenium.remote.service.DriverCommandExecutor.execute(DriverCommandExecutor.java:83)
	at org.openqa.selenium.remote.RemoteWebDriver.execute(RemoteWebDriver.java:552)
	at org.openqa.selenium.remote.RemoteWebDriver.findElement(RemoteWebDriver.java:323)
	at org.openqa.selenium.remote.RemoteWebDriver.findElementByCssSelector(RemoteWebDriver.java:420)
	at org.openqa.selenium.By$ByCssSelector.findElement(By.java:431)
	at org.openqa.selenium.remote.RemoteWebDriver.findElement(RemoteWebDriver.java:315)
	at pageObjects.MyAccountPage.lblAccountPageTitle(MyAccountPage.java:23)
	at pageObjects.MemberDetailsPage.EditMember(MemberDetailsPage.java:84)
	at automationFramework.TSMyAccount.MyAccount_Edit(TSMyAccount.java:62)
	at sun.reflect.NativeMethodAccessorImpl.invoke0(Native Method)
	at sun.reflect.NativeMethodAccessorImpl.invoke(Unknown Source)
	at sun.reflect.DelegatingMethodAccessorImpl.invoke(Unknown Source)
	at java.lang.reflect.Method.invoke(Unknown Source)
	at org.testng.internal.MethodInvocationHelper.invokeMethod(MethodInvocationHelper.java:124)
	at org.testng.internal.Invoker.invokeMethod(Invoker.java:583)
	at org.testng.internal.Invoker.invokeTestMethod(Invoker.java:719)
	at org.testng.internal.Invoker.invokeTestMethods(Invoker.java:989)
	at org.testng.internal.TestMethodWorker.invokeTestMethods(TestMethodWorker.java:125)
	at org.testng.internal.TestMethodWorker.run(TestMethodWorker.java:109)
	at java.util.concurrent.ThreadPoolExecutor.runWorker(Unknown Source)
	at java.util.concurrent.ThreadPoolExecutor$Worker.run(Unknown Source)
	at java.lang.Thread.run(Unknown Source)
</pre></div></td>
<td>14</td>
<td>automationFramework.TSMyAccount@31a5c39e</td></tr>
<tr>
<td title='automationFramework.TSMyAccount.MyAccount_Edit()'><b>MyAccount_Edit</b><br>Test class: automationFramework.TSMyAccount</td>
<td><div><pre>java.lang.NullPointerException
	at appModule.Listeners.onTestFailure(Listeners.java:51)
	at java.util.concurrent.ThreadPoolExecutor.runWorker(Unknown Source)
	at java.util.concurrent.ThreadPoolExecutor$Worker.run(Unknown Source)
	at java.lang.Thread.run(Unknown Source)
... Removed 7 stack frames</pre></div><a href='#' onClick='toggleBox("stack-trace466577384", this, "Click to show all stack frames", "Click to hide stack frames")'>Click to show all stack frames</a>
<div class='stack-trace' id='stack-trace466577384'><pre>java.lang.NullPointerException
	at appModule.Listeners.onTestFailure(Listeners.java:51)
	at org.testng.internal.TestListenerHelper.runTestListeners(TestListenerHelper.java:67)
	at org.testng.internal.Invoker.runTestListeners(Invoker.java:1389)
	at org.testng.internal.Invoker.invokeMethod(Invoker.java:636)
	at org.testng.internal.Invoker.invokeTestMethod(Invoker.java:719)
	at org.testng.internal.Invoker.invokeTestMethods(Invoker.java:989)
	at org.testng.internal.TestMethodWorker.invokeTestMethods(TestMethodWorker.java:125)
	at org.testng.internal.TestMethodWorker.run(TestMethodWorker.java:109)
	at java.util.concurrent.ThreadPoolExecutor.runWorker(Unknown Source)
	at java.util.concurrent.ThreadPoolExecutor$Worker.run(Unknown Source)
	at java.lang.Thread.run(Unknown Source)
</pre></div></td>
<td>16</td>
<td>automationFramework.TSMyAccount@31a5c39e</td></tr>
<tr>
<td title='automationFramework.TSEligibilityQuiz.TSEligQuiz()'><b>TSEligQuiz</b><br>Test class: automationFramework.TSEligibilityQuiz<br>Parameters: null, null, null, null, null, true, 081919TESTTEST Auto</td>
<td><div><pre>org.openqa.selenium.NoSuchElementException: no such element: Unable to locate element: {&quot;method&quot;:&quot;css selector&quot;,&quot;selector&quot;:&quot;#ctl00_PlaceHolderMain_RegisteredOrgsWebPart_ctl00_orgsDropDownList&quot;}
  (Session info: chrome=77.0.3865.120)
  (Driver info: chromedriver=2.43.600210 (68dcf5eebde37173d4027fa8635e332711d2874a),platform=Windows NT 6.1.7601 SP1 x86_64) (WARNING: The server did not provide any stacktrace information)
Command duration or timeout: 0 milliseconds
For documentation on this error, please visit: https://www.seleniumhq.org/exceptions/no_such_element.html
Build info: version: &apos;3.141.59&apos;, revision: &apos;e82be7d358&apos;, time: &apos;2018-11-14T08:25:48&apos;
System info: host: &apos;LT-MRADFORD2&apos;, ip: &apos;10.200.25.82&apos;, os.name: &apos;Windows 7&apos;, os.arch: &apos;amd64&apos;, os.version: &apos;6.1&apos;, java.version: &apos;1.8.0_211&apos;
Driver info: org.openqa.selenium.chrome.ChromeDriver
Capabilities {acceptInsecureCerts: false, acceptSslCerts: false, applicationCacheEnabled: false, browserConnectionEnabled: false, browserName: chrome, chrome: {chromedriverVersion: 2.43.600210 (68dcf5eebde371..., userDataDir: C:\Users\mradford\AppData\L...}, cssSelectorsEnabled: true, databaseEnabled: false, goog:chromeOptions: {debuggerAddress: localhost:46615}, handlesAlerts: true, hasTouchScreen: false, javascriptEnabled: true, locationContextEnabled: true, mobileEmulationEnabled: false, nativeEvents: true, networkConnectionEnabled: false, pageLoadStrategy: normal, platform: XP, platformName: XP, rotatable: false, setWindowRect: true, takesHeapSnapshot: true, takesScreenshot: true, unexpectedAlertBehaviour: , unhandledPromptBehavior: , version: 77.0.3865.120, webStorageEnabled: true}
Session ID: 233e971aa040bb9f3dcf604d846c639f
*** Element info: {Using=css selector, value=#ctl00_PlaceHolderMain_RegisteredOrgsWebPart_ctl00_orgsDropDownList}
	at org.openqa.selenium.remote.ErrorHandler.createThrowable(ErrorHandler.java:214)
	at org.openqa.selenium.remote.ErrorHandler.throwIfResponseFailed(ErrorHandler.java:166)
	at org.openqa.selenium.remote.http.JsonHttpResponseCodec.reconstructValue(JsonHttpResponseCodec.java:40)
	at org.openqa.selenium.remote.http.AbstractHttpResponseCodec.decode(AbstractHttpResponseCodec.java:80)
	at org.openqa.selenium.remote.http.AbstractHttpResponseCodec.decode(AbstractHttpResponseCodec.java:44)
	at org.openqa.selenium.remote.HttpCommandExecutor.execute(HttpCommandExecutor.java:158)
	at org.openqa.selenium.remote.service.DriverCommandExecutor.execute(DriverCommandExecutor.java:83)
	at org.openqa.selenium.remote.RemoteWebDriver.execute(RemoteWebDriver.java:552)
	at org.openqa.selenium.remote.RemoteWebDriver.findElement(RemoteWebDriver.java:323)
	at org.openqa.selenium.remote.RemoteWebDriver.findElementByCssSelector(RemoteWebDriver.java:420)
	at org.openqa.selenium.By$ByCssSelector.findElement(By.java:431)
	at org.openqa.selenium.remote.RemoteWebDriver.findElement(RemoteWebDriver.java:315)
	at pageObjects.EligibilityPage.lstOrgs(EligibilityPage.java:119)
	at pageObjects.EligibilityPage.CheckEligibility(EligibilityPage.java:147)
	at automationFramework.TSEligibilityQuiz.TSEligQuiz(TSEligibilityQuiz.java:48)
	at java.util.concurrent.ThreadPoolExecutor.runWorker(Unknown Source)
	at java.util.concurrent.ThreadPoolExecutor$Worker.run(Unknown Source)
	at java.lang.Thread.run(Unknown Source)
... Removed 14 stack frames</pre></div><a href='#' onClick='toggleBox("stack-trace1598047636", this, "Click to show all stack frames", "Click to hide stack frames")'>Click to show all stack frames</a>
<div class='stack-trace' id='stack-trace1598047636'><pre>org.openqa.selenium.NoSuchElementException: no such element: Unable to locate element: {&quot;method&quot;:&quot;css selector&quot;,&quot;selector&quot;:&quot;#ctl00_PlaceHolderMain_RegisteredOrgsWebPart_ctl00_orgsDropDownList&quot;}
  (Session info: chrome=77.0.3865.120)
  (Driver info: chromedriver=2.43.600210 (68dcf5eebde37173d4027fa8635e332711d2874a),platform=Windows NT 6.1.7601 SP1 x86_64) (WARNING: The server did not provide any stacktrace information)
Command duration or timeout: 0 milliseconds
For documentation on this error, please visit: https://www.seleniumhq.org/exceptions/no_such_element.html
Build info: version: &apos;3.141.59&apos;, revision: &apos;e82be7d358&apos;, time: &apos;2018-11-14T08:25:48&apos;
System info: host: &apos;LT-MRADFORD2&apos;, ip: &apos;10.200.25.82&apos;, os.name: &apos;Windows 7&apos;, os.arch: &apos;amd64&apos;, os.version: &apos;6.1&apos;, java.version: &apos;1.8.0_211&apos;
Driver info: org.openqa.selenium.chrome.ChromeDriver
Capabilities {acceptInsecureCerts: false, acceptSslCerts: false, applicationCacheEnabled: false, browserConnectionEnabled: false, browserName: chrome, chrome: {chromedriverVersion: 2.43.600210 (68dcf5eebde371..., userDataDir: C:\Users\mradford\AppData\L...}, cssSelectorsEnabled: true, databaseEnabled: false, goog:chromeOptions: {debuggerAddress: localhost:46615}, handlesAlerts: true, hasTouchScreen: false, javascriptEnabled: true, locationContextEnabled: true, mobileEmulationEnabled: false, nativeEvents: true, networkConnectionEnabled: false, pageLoadStrategy: normal, platform: XP, platformName: XP, rotatable: false, setWindowRect: true, takesHeapSnapshot: true, takesScreenshot: true, unexpectedAlertBehaviour: , unhandledPromptBehavior: , version: 77.0.3865.120, webStorageEnabled: true}
Session ID: 233e971aa040bb9f3dcf604d846c639f
*** Element info: {Using=css selector, value=#ctl00_PlaceHolderMain_RegisteredOrgsWebPart_ctl00_orgsDropDownList}
	at sun.reflect.NativeConstructorAccessorImpl.newInstance0(Native Method)
	at sun.reflect.NativeConstructorAccessorImpl.newInstance(Unknown Source)
	at sun.reflect.DelegatingConstructorAccessorImpl.newInstance(Unknown Source)
	at java.lang.reflect.Constructor.newInstance(Unknown Source)
	at org.openqa.selenium.remote.ErrorHandler.createThrowable(ErrorHandler.java:214)
	at org.openqa.selenium.remote.ErrorHandler.throwIfResponseFailed(ErrorHandler.java:166)
	at org.openqa.selenium.remote.http.JsonHttpResponseCodec.reconstructValue(JsonHttpResponseCodec.java:40)
	at org.openqa.selenium.remote.http.AbstractHttpResponseCodec.decode(AbstractHttpResponseCodec.java:80)
	at org.openqa.selenium.remote.http.AbstractHttpResponseCodec.decode(AbstractHttpResponseCodec.java:44)
	at org.openqa.selenium.remote.HttpCommandExecutor.execute(HttpCommandExecutor.java:158)
	at org.openqa.selenium.remote.service.DriverCommandExecutor.execute(DriverCommandExecutor.java:83)
	at org.openqa.selenium.remote.RemoteWebDriver.execute(RemoteWebDriver.java:552)
	at org.openqa.selenium.remote.RemoteWebDriver.findElement(RemoteWebDriver.java:323)
	at org.openqa.selenium.remote.RemoteWebDriver.findElementByCssSelector(RemoteWebDriver.java:420)
	at org.openqa.selenium.By$ByCssSelector.findElement(By.java:431)
	at org.openqa.selenium.remote.RemoteWebDriver.findElement(RemoteWebDriver.java:315)
	at pageObjects.EligibilityPage.lstOrgs(EligibilityPage.java:119)
	at pageObjects.EligibilityPage.CheckEligibility(EligibilityPage.java:147)
	at automationFramework.TSEligibilityQuiz.TSEligQuiz(TSEligibilityQuiz.java:48)
	at sun.reflect.NativeMethodAccessorImpl.invoke0(Native Method)
	at sun.reflect.NativeMethodAccessorImpl.invoke(Unknown Source)
	at sun.reflect.DelegatingMethodAccessorImpl.invoke(Unknown Source)
	at java.lang.reflect.Method.invoke(Unknown Source)
	at org.testng.internal.MethodInvocationHelper.invokeMethod(MethodInvocationHelper.java:124)
	at org.testng.internal.Invoker.invokeMethod(Invoker.java:583)
	at org.testng.internal.Invoker.invokeTestMethod(Invoker.java:719)
	at org.testng.internal.Invoker.invokeTestMethods(Invoker.java:989)
	at org.testng.internal.TestMethodWorker.invokeTestMethods(TestMethodWorker.java:125)
	at org.testng.internal.TestMethodWorker.run(TestMethodWorker.java:109)
	at java.util.concurrent.ThreadPoolExecutor.runWorker(Unknown Source)
	at java.util.concurrent.ThreadPoolExecutor$Worker.run(Unknown Source)
	at java.lang.Thread.run(Unknown Source)
</pre></div></td>
<td>16</td>
<td>automationFramework.TSEligibilityQuiz@5f2108b5</td></tr>
<tr>
<td title='automationFramework.TSEligibilityQuiz.TSEligQuiz()'><b>TSEligQuiz</b><br>Test class: automationFramework.TSEligibilityQuiz</td>
<td><div><pre>java.lang.NullPointerException
	at appModule.Listeners.onTestFailure(Listeners.java:51)
	at java.util.concurrent.ThreadPoolExecutor.runWorker(Unknown Source)
	at java.util.concurrent.ThreadPoolExecutor$Worker.run(Unknown Source)
	at java.lang.Thread.run(Unknown Source)
... Removed 7 stack frames</pre></div><a href='#' onClick='toggleBox("stack-trace1399398408", this, "Click to show all stack frames", "Click to hide stack frames")'>Click to show all stack frames</a>
<div class='stack-trace' id='stack-trace1399398408'><pre>java.lang.NullPointerException
	at appModule.Listeners.onTestFailure(Listeners.java:51)
	at org.testng.internal.TestListenerHelper.runTestListeners(TestListenerHelper.java:67)
	at org.testng.internal.Invoker.runTestListeners(Invoker.java:1389)
	at org.testng.internal.Invoker.invokeMethod(Invoker.java:636)
	at org.testng.internal.Invoker.invokeTestMethod(Invoker.java:719)
	at org.testng.internal.Invoker.invokeTestMethods(Invoker.java:989)
	at org.testng.internal.TestMethodWorker.invokeTestMethods(TestMethodWorker.java:125)
	at org.testng.internal.TestMethodWorker.run(TestMethodWorker.java:109)
	at java.util.concurrent.ThreadPoolExecutor.runWorker(Unknown Source)
	at java.util.concurrent.ThreadPoolExecutor$Worker.run(Unknown Source)
	at java.lang.Thread.run(Unknown Source)
</pre></div></td>
<td>38</td>
<td>automationFramework.TSEligibilityQuiz@5f2108b5</td></tr>
<tr>
<td title='automationFramework.TSProductDetailsTest.TestProductPageDetails()'><b>TestProductPageDetails</b><br>Test class: automationFramework.TSProductDetailsTest<br>Parameters: true, ADD TO CART</td>
<td><div><pre>org.openqa.selenium.NoSuchElementException: no such element: Unable to locate element: {&quot;method&quot;:&quot;css selector&quot;,&quot;selector&quot;:&quot;#AddProducts&quot;}
  (Session info: chrome=77.0.3865.120)
  (Driver info: chromedriver=2.43.600210 (68dcf5eebde37173d4027fa8635e332711d2874a),platform=Windows NT 6.1.7601 SP1 x86_64) (WARNING: The server did not provide any stacktrace information)
Command duration or timeout: 0 milliseconds
For documentation on this error, please visit: https://www.seleniumhq.org/exceptions/no_such_element.html
Build info: version: &apos;3.141.59&apos;, revision: &apos;e82be7d358&apos;, time: &apos;2018-11-14T08:25:48&apos;
System info: host: &apos;LT-MRADFORD2&apos;, ip: &apos;10.200.25.82&apos;, os.name: &apos;Windows 7&apos;, os.arch: &apos;amd64&apos;, os.version: &apos;6.1&apos;, java.version: &apos;1.8.0_211&apos;
Driver info: org.openqa.selenium.chrome.ChromeDriver
Capabilities {acceptInsecureCerts: false, acceptSslCerts: false, applicationCacheEnabled: false, browserConnectionEnabled: false, browserName: chrome, chrome: {chromedriverVersion: 2.43.600210 (68dcf5eebde371..., userDataDir: C:\Users\mradford\AppData\L...}, cssSelectorsEnabled: true, databaseEnabled: false, goog:chromeOptions: {debuggerAddress: localhost:46728}, handlesAlerts: true, hasTouchScreen: false, javascriptEnabled: true, locationContextEnabled: true, mobileEmulationEnabled: false, nativeEvents: true, networkConnectionEnabled: false, pageLoadStrategy: normal, platform: XP, platformName: XP, rotatable: false, setWindowRect: true, takesHeapSnapshot: true, takesScreenshot: true, unexpectedAlertBehaviour: , unhandledPromptBehavior: , version: 77.0.3865.120, webStorageEnabled: true}
Session ID: 6d4ba1a181b0d154cc21c8084f4c0699
*** Element info: {Using=css selector, value=#AddProducts}
	at org.openqa.selenium.remote.ErrorHandler.createThrowable(ErrorHandler.java:214)
	at org.openqa.selenium.remote.ErrorHandler.throwIfResponseFailed(ErrorHandler.java:166)
	at org.openqa.selenium.remote.http.JsonHttpResponseCodec.reconstructValue(JsonHttpResponseCodec.java:40)
	at org.openqa.selenium.remote.http.AbstractHttpResponseCodec.decode(AbstractHttpResponseCodec.java:80)
	at org.openqa.selenium.remote.http.AbstractHttpResponseCodec.decode(AbstractHttpResponseCodec.java:44)
	at org.openqa.selenium.remote.HttpCommandExecutor.execute(HttpCommandExecutor.java:158)
	at org.openqa.selenium.remote.service.DriverCommandExecutor.execute(DriverCommandExecutor.java:83)
	at org.openqa.selenium.remote.RemoteWebDriver.execute(RemoteWebDriver.java:552)
	at org.openqa.selenium.remote.RemoteWebDriver.findElement(RemoteWebDriver.java:323)
	at org.openqa.selenium.remote.RemoteWebDriver.findElementByCssSelector(RemoteWebDriver.java:420)
	at org.openqa.selenium.By$ByCssSelector.findElement(By.java:431)
	at org.openqa.selenium.remote.RemoteWebDriver.findElement(RemoteWebDriver.java:315)
	at pageObjects.ProductPage.btnAddToCart(ProductPage.java:85)
	at automationFramework.TSProductDetailsTest.TestProductPageDetails(TSProductDetailsTest.java:115)
	at java.util.concurrent.ThreadPoolExecutor.runWorker(Unknown Source)
	at java.util.concurrent.ThreadPoolExecutor$Worker.run(Unknown Source)
	at java.lang.Thread.run(Unknown Source)
... Removed 14 stack frames</pre></div><a href='#' onClick='toggleBox("stack-trace2066366456", this, "Click to show all stack frames", "Click to hide stack frames")'>Click to show all stack frames</a>
<div class='stack-trace' id='stack-trace2066366456'><pre>org.openqa.selenium.NoSuchElementException: no such element: Unable to locate element: {&quot;method&quot;:&quot;css selector&quot;,&quot;selector&quot;:&quot;#AddProducts&quot;}
  (Session info: chrome=77.0.3865.120)
  (Driver info: chromedriver=2.43.600210 (68dcf5eebde37173d4027fa8635e332711d2874a),platform=Windows NT 6.1.7601 SP1 x86_64) (WARNING: The server did not provide any stacktrace information)
Command duration or timeout: 0 milliseconds
For documentation on this error, please visit: https://www.seleniumhq.org/exceptions/no_such_element.html
Build info: version: &apos;3.141.59&apos;, revision: &apos;e82be7d358&apos;, time: &apos;2018-11-14T08:25:48&apos;
System info: host: &apos;LT-MRADFORD2&apos;, ip: &apos;10.200.25.82&apos;, os.name: &apos;Windows 7&apos;, os.arch: &apos;amd64&apos;, os.version: &apos;6.1&apos;, java.version: &apos;1.8.0_211&apos;
Driver info: org.openqa.selenium.chrome.ChromeDriver
Capabilities {acceptInsecureCerts: false, acceptSslCerts: false, applicationCacheEnabled: false, browserConnectionEnabled: false, browserName: chrome, chrome: {chromedriverVersion: 2.43.600210 (68dcf5eebde371..., userDataDir: C:\Users\mradford\AppData\L...}, cssSelectorsEnabled: true, databaseEnabled: false, goog:chromeOptions: {debuggerAddress: localhost:46728}, handlesAlerts: true, hasTouchScreen: false, javascriptEnabled: true, locationContextEnabled: true, mobileEmulationEnabled: false, nativeEvents: true, networkConnectionEnabled: false, pageLoadStrategy: normal, platform: XP, platformName: XP, rotatable: false, setWindowRect: true, takesHeapSnapshot: true, takesScreenshot: true, unexpectedAlertBehaviour: , unhandledPromptBehavior: , version: 77.0.3865.120, webStorageEnabled: true}
Session ID: 6d4ba1a181b0d154cc21c8084f4c0699
*** Element info: {Using=css selector, value=#AddProducts}
	at sun.reflect.NativeConstructorAccessorImpl.newInstance0(Native Method)
	at sun.reflect.NativeConstructorAccessorImpl.newInstance(Unknown Source)
	at sun.reflect.DelegatingConstructorAccessorImpl.newInstance(Unknown Source)
	at java.lang.reflect.Constructor.newInstance(Unknown Source)
	at org.openqa.selenium.remote.ErrorHandler.createThrowable(ErrorHandler.java:214)
	at org.openqa.selenium.remote.ErrorHandler.throwIfResponseFailed(ErrorHandler.java:166)
	at org.openqa.selenium.remote.http.JsonHttpResponseCodec.reconstructValue(JsonHttpResponseCodec.java:40)
	at org.openqa.selenium.remote.http.AbstractHttpResponseCodec.decode(AbstractHttpResponseCodec.java:80)
	at org.openqa.selenium.remote.http.AbstractHttpResponseCodec.decode(AbstractHttpResponseCodec.java:44)
	at org.openqa.selenium.remote.HttpCommandExecutor.execute(HttpCommandExecutor.java:158)
	at org.openqa.selenium.remote.service.DriverCommandExecutor.execute(DriverCommandExecutor.java:83)
	at org.openqa.selenium.remote.RemoteWebDriver.execute(RemoteWebDriver.java:552)
	at org.openqa.selenium.remote.RemoteWebDriver.findElement(RemoteWebDriver.java:323)
	at org.openqa.selenium.remote.RemoteWebDriver.findElementByCssSelector(RemoteWebDriver.java:420)
	at org.openqa.selenium.By$ByCssSelector.findElement(By.java:431)
	at org.openqa.selenium.remote.RemoteWebDriver.findElement(RemoteWebDriver.java:315)
	at pageObjects.ProductPage.btnAddToCart(ProductPage.java:85)
	at automationFramework.TSProductDetailsTest.TestProductPageDetails(TSProductDetailsTest.java:115)
	at sun.reflect.NativeMethodAccessorImpl.invoke0(Native Method)
	at sun.reflect.NativeMethodAccessorImpl.invoke(Unknown Source)
	at sun.reflect.DelegatingMethodAccessorImpl.invoke(Unknown Source)
	at java.lang.reflect.Method.invoke(Unknown Source)
	at org.testng.internal.MethodInvocationHelper.invokeMethod(MethodInvocationHelper.java:124)
	at org.testng.internal.Invoker.invokeMethod(Invoker.java:583)
	at org.testng.internal.Invoker.invokeTestMethod(Invoker.java:719)
	at org.testng.internal.Invoker.invokeTestMethods(Invoker.java:989)
	at org.testng.internal.TestMethodWorker.invokeTestMethods(TestMethodWorker.java:125)
	at org.testng.internal.TestMethodWorker.run(TestMethodWorker.java:109)
	at java.util.concurrent.ThreadPoolExecutor.runWorker(Unknown Source)
	at java.util.concurrent.ThreadPoolExecutor$Worker.run(Unknown Source)
	at java.lang.Thread.run(Unknown Source)
</pre></div></td>
<td>343</td>
<td>automationFramework.TSProductDetailsTest@5bcab519</td></tr>
<tr>
<td title='automationFramework.TSProductDetailsTest.TestProductPageDetails()'><b>TestProductPageDetails</b><br>Test class: automationFramework.TSProductDetailsTest</td>
<td><div><pre>java.lang.NullPointerException
	at appModule.Listeners.onTestFailure(Listeners.java:51)
	at java.util.concurrent.ThreadPoolExecutor.runWorker(Unknown Source)
	at java.util.concurrent.ThreadPoolExecutor$Worker.run(Unknown Source)
	at java.lang.Thread.run(Unknown Source)
... Removed 7 stack frames</pre></div><a href='#' onClick='toggleBox("stack-trace465233746", this, "Click to show all stack frames", "Click to hide stack frames")'>Click to show all stack frames</a>
<div class='stack-trace' id='stack-trace465233746'><pre>java.lang.NullPointerException
	at appModule.Listeners.onTestFailure(Listeners.java:51)
	at org.testng.internal.TestListenerHelper.runTestListeners(TestListenerHelper.java:67)
	at org.testng.internal.Invoker.runTestListeners(Invoker.java:1389)
	at org.testng.internal.Invoker.invokeMethod(Invoker.java:636)
	at org.testng.internal.Invoker.invokeTestMethod(Invoker.java:719)
	at org.testng.internal.Invoker.invokeTestMethods(Invoker.java:989)
	at org.testng.internal.TestMethodWorker.invokeTestMethods(TestMethodWorker.java:125)
	at org.testng.internal.TestMethodWorker.run(TestMethodWorker.java:109)
	at java.util.concurrent.ThreadPoolExecutor.runWorker(Unknown Source)
	at java.util.concurrent.ThreadPoolExecutor$Worker.run(Unknown Source)
	at java.lang.Thread.run(Unknown Source)
</pre></div></td>
<td>379</td>
<td>automationFramework.TSProductDetailsTest@5bcab519</td></tr>
</table><p>
<table width='100%' border='1' class='invocation-passed'>
<tr><td colspan='4' align='center'><b>PASSED TESTS</b></td></tr>
<tr><td><b>Test method</b></td>
<td width="30%"><b>Exception</b></td>
<td width="10%"><b>Time (seconds)</b></td>
<td><b>Instance</b></td>
</tr>
<tr>
<td title='automationFramework.TSBoostCheckOut.BoostCheckoutBoostMember()'><b>BoostCheckoutBoostMember</b><br>Test class: automationFramework.TSBoostCheckOut</td>
<td></td>
<td>744</td>
<td>automationFramework.TSBoostCheckOut@3f49dace</td></tr>
<tr>
<td title='automationFramework.TSEligibilityQuiz.TSEligQuiz()'><b>TSEligQuiz</b><br>Test class: automationFramework.TSEligibilityQuiz<br>Parameters: 501C, Washington, Mutual, CreditUnion, 5588, false, some org</td>
<td></td>
<td>21</td>
<td>automationFramework.TSEligibilityQuiz@5f2108b5</td></tr>
<tr>
<td title='automationFramework.TSProductDetailsTest.TestProductPageDetails()'><b>TestProductPageDetails</b><br>Test class: automationFramework.TSProductDetailsTest<br>Parameters: false, LOG IN</td>
<td></td>
<td>35</td>
<td>automationFramework.TSProductDetailsTest@5bcab519</td></tr>
<tr>
<td title='automationFramework.TSVerifyPages.checkBoostPages()'><b>checkBoostPages</b><br>Test class: automationFramework.TSVerifyPages<br>Parameters: products/sap-litmos-learning-management-system-–-access-to-discounted-rates--G-49225--, Online</td>
<td></td>
<td>8</td>
<td>automationFramework.TSVerifyPages@e45f292</td></tr>
<tr>
<td title='automationFramework.TSVerifyPages.checkBoostPages()'><b>checkBoostPages</b><br>Test class: automationFramework.TSVerifyPages<br>Parameters: products/hotspot-for-mobile-beacon-4g-lte-internet-service-for-nonprofits--G-51472--, Hardware</td>
<td></td>
<td>3</td>
<td>automationFramework.TSVerifyPages@e45f292</td></tr>
<tr>
<td title='automationFramework.TSVerifyPages.checkBoostPages()'><b>checkBoostPages</b><br>Test class: automationFramework.TSVerifyPages<br>Parameters: products/mimo-7-inch-touch-display--HW-51468--, Hardware</td>
<td></td>
<td>3</td>
<td>automationFramework.TSVerifyPages@e45f292</td></tr>
<tr>
<td title='automationFramework.TSVerifyPages.checkBoostPages()'><b>checkBoostPages</b><br>Test class: automationFramework.TSVerifyPages<br>Parameters: products/hotspot-for-mobile-beacon-4g-lte-internet-service-for-nonprofits--G-51472--, Hardware</td>
<td></td>
<td>2</td>
<td>automationFramework.TSVerifyPages@e45f292</td></tr>
<tr>
<td title='automationFramework.TSVerifyPages.checkBoostPages()'><b>checkBoostPages</b><br>Test class: automationFramework.TSVerifyPages<br>Parameters: products/tableau-desktop-and-tableau-prep-builder--2-year-subscription--G-49474--, Download</td>
<td></td>
<td>4</td>
<td>automationFramework.TSVerifyPages@e45f292</td></tr>
<tr>
<td title='automationFramework.TSVerifyPages.checkBoostPages()'><b>checkBoostPages</b><br>Test class: automationFramework.TSVerifyPages<br>Parameters: products/docusign-standard-edition--G-49950--, Online</td>
<td></td>
<td>4</td>
<td>automationFramework.TSVerifyPages@e45f292</td></tr>
<tr>
<td title='automationFramework.TSVerifyPages.checkCategoryPages()'><b>checkCategoryPages</b><br>Test class: automationFramework.TSVerifyPages<br>Parameters: accounting</td>
<td></td>
<td>5</td>
<td>automationFramework.TSVerifyPages@e45f292</td></tr>
<tr>
<td title='automationFramework.TSVerifyPages.checkCategoryPages()'><b>checkCategoryPages</b><br>Test class: automationFramework.TSVerifyPages<br>Parameters: security</td>
<td></td>
<td>3</td>
<td>automationFramework.TSVerifyPages@e45f292</td></tr>
<tr>
<td title='automationFramework.TSVerifyPages.checkCategoryPages()'><b>checkCategoryPages</b><br>Test class: automationFramework.TSVerifyPages<br>Parameters: business-and-technology-planning</td>
<td></td>
<td>3</td>
<td>automationFramework.TSVerifyPages@e45f292</td></tr>
<tr>
<td title='automationFramework.TSVerifyPages.checkCategoryPages()'><b>checkCategoryPages</b><br>Test class: automationFramework.TSVerifyPages<br>Parameters: cloud-computing</td>
<td></td>
<td>4</td>
<td>automationFramework.TSVerifyPages@e45f292</td></tr>
<tr>
<td title='automationFramework.TSVerifyPages.checkCategoryPages()'><b>checkCategoryPages</b><br>Test class: automationFramework.TSVerifyPages<br>Parameters: communications</td>
<td></td>
<td>3</td>
<td>automationFramework.TSVerifyPages@e45f292</td></tr>
<tr>
<td title='automationFramework.TSVerifyPages.checkCategoryPages()'><b>checkCategoryPages</b><br>Test class: automationFramework.TSVerifyPages<br>Parameters: computers-and-electronics</td>
<td></td>
<td>3</td>
<td>automationFramework.TSVerifyPages@e45f292</td></tr>
<tr>
<td title='automationFramework.TSVerifyPages.checkCategoryPages()'><b>checkCategoryPages</b><br>Test class: automationFramework.TSVerifyPages<br>Parameters: databases-and-analytics</td>
<td></td>
<td>3</td>
<td>automationFramework.TSVerifyPages@e45f292</td></tr>
<tr>
<td title='automationFramework.TSVerifyPages.checkCategoryPages()'><b>checkCategoryPages</b><br>Test class: automationFramework.TSVerifyPages<br>Parameters: donor-and-grants-management</td>
<td></td>
<td>3</td>
<td>automationFramework.TSVerifyPages@e45f292</td></tr>
<tr>
<td title='automationFramework.TSVerifyPages.checkCategoryPages()'><b>checkCategoryPages</b><br>Test class: automationFramework.TSVerifyPages<br>Parameters: fundraising</td>
<td></td>
<td>3</td>
<td>automationFramework.TSVerifyPages@e45f292</td></tr>
<tr>
<td title='automationFramework.TSVerifyPages.checkCategoryPages()'><b>checkCategoryPages</b><br>Test class: automationFramework.TSVerifyPages<br>Parameters: green-technology</td>
<td></td>
<td>3</td>
<td>automationFramework.TSVerifyPages@e45f292</td></tr>
<tr>
<td title='automationFramework.TSVerifyPages.checkCategoryPages()'><b>checkCategoryPages</b><br>Test class: automationFramework.TSVerifyPages<br>Parameters: human-resources</td>
<td></td>
<td>2</td>
<td>automationFramework.TSVerifyPages@e45f292</td></tr>
<tr>
<td title='automationFramework.TSVerifyPages.checkCategoryPages()'><b>checkCategoryPages</b><br>Test class: automationFramework.TSVerifyPages<br>Parameters: it-services</td>
<td></td>
<td>2</td>
<td>automationFramework.TSVerifyPages@e45f292</td></tr>
<tr>
<td title='automationFramework.TSVerifyPages.checkCategoryPages()'><b>checkCategoryPages</b><br>Test class: automationFramework.TSVerifyPages<br>Parameters: libraries</td>
<td></td>
<td>3</td>
<td>automationFramework.TSVerifyPages@e45f292</td></tr>
<tr>
<td title='automationFramework.TSVerifyPages.checkCategoryPages()'><b>checkCategoryPages</b><br>Test class: automationFramework.TSVerifyPages<br>Parameters: mobile</td>
<td></td>
<td>2</td>
<td>automationFramework.TSVerifyPages@e45f292</td></tr>
<tr>
<td title='automationFramework.TSVerifyPages.checkCategoryPages()'><b>checkCategoryPages</b><br>Test class: automationFramework.TSVerifyPages<br>Parameters: operating-systems</td>
<td></td>
<td>2</td>
<td>automationFramework.TSVerifyPages@e45f292</td></tr>
<tr>
<td title='automationFramework.TSVerifyPages.checkCategoryPages()'><b>checkCategoryPages</b><br>Test class: automationFramework.TSVerifyPages<br>Parameters: phone-service</td>
<td></td>
<td>2</td>
<td>automationFramework.TSVerifyPages@e45f292</td></tr>
<tr>
<td title='automationFramework.TSVerifyPages.checkCategoryPages()'><b>checkCategoryPages</b><br>Test class: automationFramework.TSVerifyPages<br>Parameters: security</td>
<td></td>
<td>1</td>
<td>automationFramework.TSVerifyPages@e45f292</td></tr>
<tr>
<td title='automationFramework.TSVerifyPages.checkCategoryPages()'><b>checkCategoryPages</b><br>Test class: automationFramework.TSVerifyPages<br>Parameters: servers-and-networks</td>
<td></td>
<td>3</td>
<td>automationFramework.TSVerifyPages@e45f292</td></tr>
<tr>
<td title='automationFramework.TSVerifyPages.checkCategoryPages()'><b>checkCategoryPages</b><br>Test class: automationFramework.TSVerifyPages<br>Parameters: telecommuting</td>
<td></td>
<td>3</td>
<td>automationFramework.TSVerifyPages@e45f292</td></tr>
<tr>
<td title='automationFramework.TSVerifyPages.checkCategoryPages()'><b>checkCategoryPages</b><br>Test class: automationFramework.TSVerifyPages<br>Parameters: training-and-education</td>
<td></td>
<td>3</td>
<td>automationFramework.TSVerifyPages@e45f292</td></tr>
<tr>
<td title='automationFramework.TSVerifyPages.checkCategoryPages()'><b>checkCategoryPages</b><br>Test class: automationFramework.TSVerifyPages<br>Parameters: web-and-graphic-design</td>
<td></td>
<td>3</td>
<td>automationFramework.TSVerifyPages@e45f292</td></tr>
<tr>
<td title='automationFramework.TSVerifyPages.checkCategoryPages()'><b>checkCategoryPages</b><br>Test class: automationFramework.TSVerifyPages<br>Parameters: website-management</td>
<td></td>
<td>2</td>
<td>automationFramework.TSVerifyPages@e45f292</td></tr>
<tr>
<td title='automationFramework.TSVerifyPages.checkDonorPages()'><b>checkDonorPages</b><br>Test class: automationFramework.TSVerifyPages<br>Parameters: Adobe</td>
<td></td>
<td>3</td>
<td>automationFramework.TSVerifyPages@e45f292</td></tr>
<tr>
<td title='automationFramework.TSVerifyPages.checkDonorPages()'><b>checkDonorPages</b><br>Test class: automationFramework.TSVerifyPages<br>Parameters: ADP</td>
<td></td>
<td>3</td>
<td>automationFramework.TSVerifyPages@e45f292</td></tr>
<tr>
<td title='automationFramework.TSVerifyPages.checkDonorPages()'><b>checkDonorPages</b><br>Test class: automationFramework.TSVerifyPages<br>Parameters: airbnb-social-impact-experiences</td>
<td></td>
<td>2</td>
<td>automationFramework.TSVerifyPages@e45f292</td></tr>
<tr>
<td title='automationFramework.TSVerifyPages.checkDonorPages()'><b>checkDonorPages</b><br>Test class: automationFramework.TSVerifyPages<br>Parameters: alpha-software</td>
<td></td>
<td>3</td>
<td>automationFramework.TSVerifyPages@e45f292</td></tr>
<tr>
<td title='automationFramework.TSVerifyPages.checkDonorPages()'><b>checkDonorPages</b><br>Test class: automationFramework.TSVerifyPages<br>Parameters: amazon-web-services</td>
<td></td>
<td>3</td>
<td>automationFramework.TSVerifyPages@e45f292</td></tr>
<tr>
<td title='automationFramework.TSVerifyPages.checkDonorPages()'><b>checkDonorPages</b><br>Test class: automationFramework.TSVerifyPages<br>Parameters: arreva</td>
<td></td>
<td>3</td>
<td>automationFramework.TSVerifyPages@e45f292</td></tr>
<tr>
<td title='automationFramework.TSVerifyPages.checkDonorPages()'><b>checkDonorPages</b><br>Test class: automationFramework.TSVerifyPages<br>Parameters: asana</td>
<td></td>
<td>2</td>
<td>automationFramework.TSVerifyPages@e45f292</td></tr>
<tr>
<td title='automationFramework.TSVerifyPages.checkDonorPages()'><b>checkDonorPages</b><br>Test class: automationFramework.TSVerifyPages<br>Parameters: atlas-business-solutions</td>
<td></td>
<td>3</td>
<td>automationFramework.TSVerifyPages@e45f292</td></tr>
<tr>
<td title='automationFramework.TSVerifyPages.checkDonorPages()'><b>checkDonorPages</b><br>Test class: automationFramework.TSVerifyPages<br>Parameters: autodesk</td>
<td></td>
<td>3</td>
<td>automationFramework.TSVerifyPages@e45f292</td></tr>
<tr>
<td title='automationFramework.TSVerifyPages.checkDonorPages()'><b>checkDonorPages</b><br>Test class: automationFramework.TSVerifyPages<br>Parameters: avepoint</td>
<td></td>
<td>3</td>
<td>automationFramework.TSVerifyPages@e45f292</td></tr>
<tr>
<td title='automationFramework.TSVerifyPages.checkDonorPages()'><b>checkDonorPages</b><br>Test class: automationFramework.TSVerifyPages<br>Parameters: azavea</td>
<td></td>
<td>3</td>
<td>automationFramework.TSVerifyPages@e45f292</td></tr>
<tr>
<td title='automationFramework.TSVerifyPages.checkDonorPages()'><b>checkDonorPages</b><br>Test class: automationFramework.TSVerifyPages<br>Parameters: bitdefender</td>
<td></td>
<td>3</td>
<td>automationFramework.TSVerifyPages@e45f292</td></tr>
<tr>
<td title='automationFramework.TSVerifyPages.checkDonorPages()'><b>checkDonorPages</b><br>Test class: automationFramework.TSVerifyPages<br>Parameters: blackbaud</td>
<td></td>
<td>3</td>
<td>automationFramework.TSVerifyPages@e45f292</td></tr>
<tr>
<td title='automationFramework.TSVerifyPages.checkDonorPages()'><b>checkDonorPages</b><br>Test class: automationFramework.TSVerifyPages<br>Parameters: bloomerang</td>
<td></td>
<td>3</td>
<td>automationFramework.TSVerifyPages@e45f292</td></tr>
<tr>
<td title='automationFramework.TSVerifyPages.checkDonorPages()'><b>checkDonorPages</b><br>Test class: automationFramework.TSVerifyPages<br>Parameters: boost</td>
<td></td>
<td>1</td>
<td>automationFramework.TSVerifyPages@e45f292</td></tr>
<tr>
<td title='automationFramework.TSVerifyPages.checkDonorPages()'><b>checkDonorPages</b><br>Test class: automationFramework.TSVerifyPages<br>Parameters: box</td>
<td></td>
<td>3</td>
<td>automationFramework.TSVerifyPages@e45f292</td></tr>
<tr>
<td title='automationFramework.TSVerifyPages.checkDonorPages()'><b>checkDonorPages</b><br>Test class: automationFramework.TSVerifyPages<br>Parameters: bytes-of-learning</td>
<td></td>
<td>3</td>
<td>automationFramework.TSVerifyPages@e45f292</td></tr>
<tr>
<td title='automationFramework.TSVerifyPages.checkDonorPages()'><b>checkDonorPages</b><br>Test class: automationFramework.TSVerifyPages<br>Parameters: caravan-studios</td>
<td></td>
<td>3</td>
<td>automationFramework.TSVerifyPages@e45f292</td></tr>
<tr>
<td title='automationFramework.TSVerifyPages.checkDonorPages()'><b>checkDonorPages</b><br>Test class: automationFramework.TSVerifyPages<br>Parameters: cisco</td>
<td></td>
<td>2</td>
<td>automationFramework.TSVerifyPages@e45f292</td></tr>
<tr>
<td title='automationFramework.TSVerifyPages.checkDonorPages()'><b>checkDonorPages</b><br>Test class: automationFramework.TSVerifyPages<br>Parameters: cisco-meraki</td>
<td></td>
<td>3</td>
<td>automationFramework.TSVerifyPages@e45f292</td></tr>
<tr>
<td title='automationFramework.TSVerifyPages.checkDonorPages()'><b>checkDonorPages</b><br>Test class: automationFramework.TSVerifyPages<br>Parameters: citysoft</td>
<td></td>
<td>3</td>
<td>automationFramework.TSVerifyPages@e45f292</td></tr>
<tr>
<td title='automationFramework.TSVerifyPages.checkDonorPages()'><b>checkDonorPages</b><br>Test class: automationFramework.TSVerifyPages<br>Parameters: clicktime</td>
<td></td>
<td>3</td>
<td>automationFramework.TSVerifyPages@e45f292</td></tr>
<tr>
<td title='automationFramework.TSVerifyPages.checkDonorPages()'><b>checkDonorPages</b><br>Test class: automationFramework.TSVerifyPages<br>Parameters: comodo</td>
<td></td>
<td>3</td>
<td>automationFramework.TSVerifyPages@e45f292</td></tr>
<tr>
<td title='automationFramework.TSVerifyPages.checkDonorPages()'><b>checkDonorPages</b><br>Test class: automationFramework.TSVerifyPages<br>Parameters: connect2give</td>
<td></td>
<td>3</td>
<td>automationFramework.TSVerifyPages@e45f292</td></tr>
<tr>
<td title='automationFramework.TSVerifyPages.checkDonorPages()'><b>checkDonorPages</b><br>Test class: automationFramework.TSVerifyPages<br>Parameters: dell</td>
<td></td>
<td>3</td>
<td>automationFramework.TSVerifyPages@e45f292</td></tr>
<tr>
<td title='automationFramework.TSVerifyPages.checkDonorPages()'><b>checkDonorPages</b><br>Test class: automationFramework.TSVerifyPages<br>Parameters: dharma-merchant-services</td>
<td></td>
<td>3</td>
<td>automationFramework.TSVerifyPages@e45f292</td></tr>
<tr>
<td title='automationFramework.TSVerifyPages.checkDonorPages()'><b>checkDonorPages</b><br>Test class: automationFramework.TSVerifyPages<br>Parameters: docusign</td>
<td></td>
<td>3</td>
<td>automationFramework.TSVerifyPages@e45f292</td></tr>
<tr>
<td title='automationFramework.TSVerifyPages.checkDonorPages()'><b>checkDonorPages</b><br>Test class: automationFramework.TSVerifyPages<br>Parameters: donorperfect</td>
<td></td>
<td>3</td>
<td>automationFramework.TSVerifyPages@e45f292</td></tr>
<tr>
<td title='automationFramework.TSVerifyPages.checkDonorPages()'><b>checkDonorPages</b><br>Test class: automationFramework.TSVerifyPages<br>Parameters: efficient-elements</td>
<td></td>
<td>3</td>
<td>automationFramework.TSVerifyPages@e45f292</td></tr>
<tr>
<td title='automationFramework.TSVerifyPages.checkDonorPages()'><b>checkDonorPages</b><br>Test class: automationFramework.TSVerifyPages<br>Parameters: filemaker</td>
<td></td>
<td>3</td>
<td>automationFramework.TSVerifyPages@e45f292</td></tr>
<tr>
<td title='automationFramework.TSVerifyPages.checkDonorPages()'><b>checkDonorPages</b><br>Test class: automationFramework.TSVerifyPages<br>Parameters: flixbus</td>
<td></td>
<td>2</td>
<td>automationFramework.TSVerifyPages@e45f292</td></tr>
<tr>
<td title='automationFramework.TSVerifyPages.checkDonorPages()'><b>checkDonorPages</b><br>Test class: automationFramework.TSVerifyPages<br>Parameters: goodwings</td>
<td></td>
<td>3</td>
<td>automationFramework.TSVerifyPages@e45f292</td></tr>
<tr>
<td title='automationFramework.TSVerifyPages.checkDonorPages()'><b>checkDonorPages</b><br>Test class: automationFramework.TSVerifyPages<br>Parameters: google-for-nonprofits</td>
<td></td>
<td>2</td>
<td>automationFramework.TSVerifyPages@e45f292</td></tr>
<tr>
<td title='automationFramework.TSVerifyPages.checkDonorPages()'><b>checkDonorPages</b><br>Test class: automationFramework.TSVerifyPages<br>Parameters: grantstation</td>
<td></td>
<td>3</td>
<td>automationFramework.TSVerifyPages@e45f292</td></tr>
<tr>
<td title='automationFramework.TSVerifyPages.checkDonorPages()'><b>checkDonorPages</b><br>Test class: automationFramework.TSVerifyPages<br>Parameters: headsets</td>
<td></td>
<td>3</td>
<td>automationFramework.TSVerifyPages@e45f292</td></tr>
<tr>
<td title='automationFramework.TSVerifyPages.checkDonorPages()'><b>checkDonorPages</b><br>Test class: automationFramework.TSVerifyPages<br>Parameters: horizon-datasys</td>
<td></td>
<td>3</td>
<td>automationFramework.TSVerifyPages@e45f292</td></tr>
<tr>
<td title='automationFramework.TSVerifyPages.checkDonorPages()'><b>checkDonorPages</b><br>Test class: automationFramework.TSVerifyPages<br>Parameters: hp-inc</td>
<td></td>
<td>2</td>
<td>automationFramework.TSVerifyPages@e45f292</td></tr>
<tr>
<td title='automationFramework.TSVerifyPages.checkDonorPages()'><b>checkDonorPages</b><br>Test class: automationFramework.TSVerifyPages<br>Parameters: hr-solutions-partners</td>
<td></td>
<td>3</td>
<td>automationFramework.TSVerifyPages@e45f292</td></tr>
<tr>
<td title='automationFramework.TSVerifyPages.checkDonorPages()'><b>checkDonorPages</b><br>Test class: automationFramework.TSVerifyPages<br>Parameters: infocus</td>
<td></td>
<td>3</td>
<td>automationFramework.TSVerifyPages@e45f292</td></tr>
<tr>
<td title='automationFramework.TSVerifyPages.checkDonorPages()'><b>checkDonorPages</b><br>Test class: automationFramework.TSVerifyPages<br>Parameters: intuit</td>
<td></td>
<td>3</td>
<td>automationFramework.TSVerifyPages@e45f292</td></tr>
<tr>
<td title='automationFramework.TSVerifyPages.checkDonorPages()'><b>checkDonorPages</b><br>Test class: automationFramework.TSVerifyPages<br>Parameters: journeyed</td>
<td></td>
<td>3</td>
<td>automationFramework.TSVerifyPages@e45f292</td></tr>
<tr>
<td title='automationFramework.TSVerifyPages.checkDonorPages()'><b>checkDonorPages</b><br>Test class: automationFramework.TSVerifyPages<br>Parameters: kintone</td>
<td></td>
<td>2</td>
<td>automationFramework.TSVerifyPages@e45f292</td></tr>
<tr>
<td title='automationFramework.TSVerifyPages.checkDonorPages()'><b>checkDonorPages</b><br>Test class: automationFramework.TSVerifyPages<br>Parameters: lenovo</td>
<td></td>
<td>3</td>
<td>automationFramework.TSVerifyPages@e45f292</td></tr>
<tr>
<td title='automationFramework.TSVerifyPages.checkDonorPages()'><b>checkDonorPages</b><br>Test class: automationFramework.TSVerifyPages<br>Parameters: linksys</td>
<td></td>
<td>3</td>
<td>automationFramework.TSVerifyPages@e45f292</td></tr>
<tr>
<td title='automationFramework.TSVerifyPages.checkDonorPages()'><b>checkDonorPages</b><br>Test class: automationFramework.TSVerifyPages<br>Parameters: little-green-light</td>
<td></td>
<td>2</td>
<td>automationFramework.TSVerifyPages@e45f292</td></tr>
<tr>
<td title='automationFramework.TSVerifyPages.checkDonorPages()'><b>checkDonorPages</b><br>Test class: automationFramework.TSVerifyPages<br>Parameters: mailshell</td>
<td></td>
<td>3</td>
<td>automationFramework.TSVerifyPages@e45f292</td></tr>
<tr>
<td title='automationFramework.TSVerifyPages.checkDonorPages()'><b>checkDonorPages</b><br>Test class: automationFramework.TSVerifyPages<br>Parameters: microsoft-discount</td>
<td></td>
<td>3</td>
<td>automationFramework.TSVerifyPages@e45f292</td></tr>
<tr>
<td title='automationFramework.TSVerifyPages.checkDonorPages()'><b>checkDonorPages</b><br>Test class: automationFramework.TSVerifyPages<br>Parameters: microsoft-catalog</td>
<td></td>
<td>4</td>
<td>automationFramework.TSVerifyPages@e45f292</td></tr>
<tr>
<td title='automationFramework.TSVerifyPages.checkDonorPages()'><b>checkDonorPages</b><br>Test class: automationFramework.TSVerifyPages<br>Parameters: mileiq</td>
<td></td>
<td>3</td>
<td>automationFramework.TSVerifyPages@e45f292</td></tr>
<tr>
<td title='automationFramework.TSVerifyPages.checkDonorPages()'><b>checkDonorPages</b><br>Test class: automationFramework.TSVerifyPages<br>Parameters: mimo-monitors</td>
<td></td>
<td>2</td>
<td>automationFramework.TSVerifyPages@e45f292</td></tr>
<tr>
<td title='automationFramework.TSVerifyPages.checkDonorPages()'><b>checkDonorPages</b><br>Test class: automationFramework.TSVerifyPages<br>Parameters: mobile-beacon</td>
<td></td>
<td>3</td>
<td>automationFramework.TSVerifyPages@e45f292</td></tr>
<tr>
<td title='automationFramework.TSVerifyPages.checkDonorPages()'><b>checkDonorPages</b><br>Test class: automationFramework.TSVerifyPages<br>Parameters: nonprofiteasy</td>
<td></td>
<td>3</td>
<td>automationFramework.TSVerifyPages@e45f292</td></tr>
<tr>
<td title='automationFramework.TSVerifyPages.checkDonorPages()'><b>checkDonorPages</b><br>Test class: automationFramework.TSVerifyPages<br>Parameters: notejoy</td>
<td></td>
<td>2</td>
<td>automationFramework.TSVerifyPages@e45f292</td></tr>
<tr>
<td title='automationFramework.TSVerifyPages.checkDonorPages()'><b>checkDonorPages</b><br>Test class: automationFramework.TSVerifyPages<br>Parameters: how-okta-helps-nonprofits</td>
<td></td>
<td>2</td>
<td>automationFramework.TSVerifyPages@e45f292</td></tr>
<tr>
<td title='automationFramework.TSVerifyPages.checkDonorPages()'><b>checkDonorPages</b><br>Test class: automationFramework.TSVerifyPages<br>Parameters: oracle-netsuite-social-impact</td>
<td></td>
<td>3</td>
<td>automationFramework.TSVerifyPages@e45f292</td></tr>
<tr>
<td title='automationFramework.TSVerifyPages.checkDonorPages()'><b>checkDonorPages</b><br>Test class: automationFramework.TSVerifyPages<br>Parameters: otter-ai</td>
<td></td>
<td>2</td>
<td>automationFramework.TSVerifyPages@e45f292</td></tr>
<tr>
<td title='automationFramework.TSVerifyPages.checkDonorPages()'><b>checkDonorPages</b><br>Test class: automationFramework.TSVerifyPages<br>Parameters: paya</td>
<td></td>
<td>2</td>
<td>automationFramework.TSVerifyPages@e45f292</td></tr>
<tr>
<td title='automationFramework.TSVerifyPages.checkDonorPages()'><b>checkDonorPages</b><br>Test class: automationFramework.TSVerifyPages<br>Parameters: payanywhere</td>
<td></td>
<td>3</td>
<td>automationFramework.TSVerifyPages@e45f292</td></tr>
<tr>
<td title='automationFramework.TSVerifyPages.checkDonorPages()'><b>checkDonorPages</b><br>Test class: automationFramework.TSVerifyPages<br>Parameters: people-onthego</td>
<td></td>
<td>3</td>
<td>automationFramework.TSVerifyPages@e45f292</td></tr>
<tr>
<td title='automationFramework.TSVerifyPages.checkDonorPages()'><b>checkDonorPages</b><br>Test class: automationFramework.TSVerifyPages<br>Parameters: pluralsight</td>
<td></td>
<td>8</td>
<td>automationFramework.TSVerifyPages@e45f292</td></tr>
<tr>
<td title='automationFramework.TSVerifyPages.checkDonorPages()'><b>checkDonorPages</b><br>Test class: automationFramework.TSVerifyPages<br>Parameters: priority</td>
<td></td>
<td>2</td>
<td>automationFramework.TSVerifyPages@e45f292</td></tr>
<tr>
<td title='automationFramework.TSVerifyPages.checkDonorPages()'><b>checkDonorPages</b><br>Test class: automationFramework.TSVerifyPages<br>Parameters: questionpro</td>
<td></td>
<td>3</td>
<td>automationFramework.TSVerifyPages@e45f292</td></tr>
<tr>
<td title='automationFramework.TSVerifyPages.checkDonorPages()'><b>checkDonorPages</b><br>Test class: automationFramework.TSVerifyPages<br>Parameters: quickbooks-made-easy</td>
<td></td>
<td>3</td>
<td>automationFramework.TSVerifyPages@e45f292</td></tr>
<tr>
<td title='automationFramework.TSVerifyPages.checkDonorPages()'><b>checkDonorPages</b><br>Test class: automationFramework.TSVerifyPages<br>Parameters: rain-design</td>
<td></td>
<td>3</td>
<td>automationFramework.TSVerifyPages@e45f292</td></tr>
<tr>
<td title='automationFramework.TSVerifyPages.checkDonorPages()'><b>checkDonorPages</b><br>Test class: automationFramework.TSVerifyPages<br>Parameters: reading-eggs</td>
<td></td>
<td>3</td>
<td>automationFramework.TSVerifyPages@e45f292</td></tr>
<tr>
<td title='automationFramework.TSVerifyPages.checkDonorPages()'><b>checkDonorPages</b><br>Test class: automationFramework.TSVerifyPages<br>Parameters: refurbished-computers-catalog</td>
<td></td>
<td>3</td>
<td>automationFramework.TSVerifyPages@e45f292</td></tr>
<tr>
<td title='automationFramework.TSVerifyPages.checkDonorPages()'><b>checkDonorPages</b><br>Test class: automationFramework.TSVerifyPages<br>Parameters: sap-litmos</td>
<td></td>
<td>3</td>
<td>automationFramework.TSVerifyPages@e45f292</td></tr>
<tr>
<td title='automationFramework.TSVerifyPages.checkDonorPages()'><b>checkDonorPages</b><br>Test class: automationFramework.TSVerifyPages<br>Parameters: shutterstock</td>
<td></td>
<td>2</td>
<td>automationFramework.TSVerifyPages@e45f292</td></tr>
<tr>
<td title='automationFramework.TSVerifyPages.checkDonorPages()'><b>checkDonorPages</b><br>Test class: automationFramework.TSVerifyPages<br>Parameters: skillsoft</td>
<td></td>
<td>3</td>
<td>automationFramework.TSVerifyPages@e45f292</td></tr>
<tr>
<td title='automationFramework.TSVerifyPages.checkDonorPages()'><b>checkDonorPages</b><br>Test class: automationFramework.TSVerifyPages<br>Parameters: snpo</td>
<td></td>
<td>3</td>
<td>automationFramework.TSVerifyPages@e45f292</td></tr>
<tr>
<td title='automationFramework.TSVerifyPages.checkDonorPages()'><b>checkDonorPages</b><br>Test class: automationFramework.TSVerifyPages<br>Parameters: sparrow</td>
<td></td>
<td>3</td>
<td>automationFramework.TSVerifyPages@e45f292</td></tr>
<tr>
<td title='automationFramework.TSVerifyPages.checkDonorPages()'><b>checkDonorPages</b><br>Test class: automationFramework.TSVerifyPages<br>Parameters: symantec-catalog</td>
<td></td>
<td>3</td>
<td>automationFramework.TSVerifyPages@e45f292</td></tr>
<tr>
<td title='automationFramework.TSVerifyPages.checkDonorPages()'><b>checkDonorPages</b><br>Test class: automationFramework.TSVerifyPages<br>Parameters: tableau</td>
<td></td>
<td>2</td>
<td>automationFramework.TSVerifyPages@e45f292</td></tr>
<tr>
<td title='automationFramework.TSVerifyPages.checkDonorPages()'><b>checkDonorPages</b><br>Test class: automationFramework.TSVerifyPages<br>Parameters: tech-impact</td>
<td></td>
<td>3</td>
<td>automationFramework.TSVerifyPages@e45f292</td></tr>
<tr>
<td title='automationFramework.TSVerifyPages.checkDonorPages()'><b>checkDonorPages</b><br>Test class: automationFramework.TSVerifyPages<br>Parameters: techbridge</td>
<td></td>
<td>3</td>
<td>automationFramework.TSVerifyPages@e45f292</td></tr>
<tr>
<td title='automationFramework.TSVerifyPages.checkDonorPages()'><b>checkDonorPages</b><br>Test class: automationFramework.TSVerifyPages<br>Parameters: techsoup-services</td>
<td></td>
<td>4</td>
<td>automationFramework.TSVerifyPages@e45f292</td></tr>
<tr>
<td title='automationFramework.TSVerifyPages.checkDonorPages()'><b>checkDonorPages</b><br>Test class: automationFramework.TSVerifyPages<br>Parameters: ultralingua</td>
<td></td>
<td>3</td>
<td>automationFramework.TSVerifyPages@e45f292</td></tr>
<tr>
<td title='automationFramework.TSVerifyPages.checkDonorPages()'><b>checkDonorPages</b><br>Test class: automationFramework.TSVerifyPages<br>Parameters: usb-memory-direct</td>
<td></td>
<td>3</td>
<td>automationFramework.TSVerifyPages@e45f292</td></tr>
<tr>
<td title='automationFramework.TSVerifyPages.checkDonorPages()'><b>checkDonorPages</b><br>Test class: automationFramework.TSVerifyPages<br>Parameters: veritas</td>
<td></td>
<td>3</td>
<td>automationFramework.TSVerifyPages@e45f292</td></tr>
<tr>
<td title='automationFramework.TSVerifyPages.checkDonorPages()'><b>checkDonorPages</b><br>Test class: automationFramework.TSVerifyPages<br>Parameters: vmware</td>
<td></td>
<td>2</td>
<td>automationFramework.TSVerifyPages@e45f292</td></tr>
<tr>
<td title='automationFramework.TSVerifyPages.checkDonorPages()'><b>checkDonorPages</b><br>Test class: automationFramework.TSVerifyPages<br>Parameters: western-digital</td>
<td></td>
<td>3</td>
<td>automationFramework.TSVerifyPages@e45f292</td></tr>
<tr>
<td title='automationFramework.TSVerifyPages.checkDonorPages()'><b>checkDonorPages</b><br>Test class: automationFramework.TSVerifyPages<br>Parameters: wework</td>
<td></td>
<td>4</td>
<td>automationFramework.TSVerifyPages@e45f292</td></tr>
<tr>
<td title='automationFramework.TSVerifyPages.checkDonorPages()'><b>checkDonorPages</b><br>Test class: automationFramework.TSVerifyPages<br>Parameters: workplace-by-facebook</td>
<td></td>
<td>2</td>
<td>automationFramework.TSVerifyPages@e45f292</td></tr>
<tr>
<td title='automationFramework.TSVerifyPages.checkDonorPages()'><b>checkDonorPages</b><br>Test class: automationFramework.TSVerifyPages<br>Parameters: zoner</td>
<td></td>
<td>3</td>
<td>automationFramework.TSVerifyPages@e45f292</td></tr>
<tr>
<td title='automationFramework.TSVerifyPages.checkDonorPages()'><b>checkDonorPages</b><br>Test class: automationFramework.TSVerifyPages<br>Parameters: zoom</td>
<td></td>
<td>3</td>
<td>automationFramework.TSVerifyPages@e45f292</td></tr>
<tr>
<td title='automationFramework.TSVerifyPages.checkDonorPages()'><b>checkDonorPages</b><br>Test class: automationFramework.TSVerifyPages<br>Parameters: telosa</td>
<td></td>
<td>3</td>
<td>automationFramework.TSVerifyPages@e45f292</td></tr>
</table><p>
</body>
</html>