<?xml version="1.0" encoding="UTF-8"?>
<!-- Generated by org.testng.reporters.JUnitXMLReporter -->
<testsuite hostname="LT-MRADFORD01" ignored="0" name="General tests new relic" tests="20" failures="0" timestamp="2021-12-15T21:57:49 PST" time="54.675" errors="0">
  <testcase name="Join_TS" time="7.452" classname="automationFramework.TSJoin"/>
  <testcase name="VerifyJoinErrorMessages" time="2.493" classname="automationFramework.TSJoin"/>
  <testcase name="VerifyJoinNoErrorMessage" time="2.995" classname="automationFramework.TSJoin"/>
  <testcase name="VerifyJoinTS" time="3.05" classname="automationFramework.TSJoin"/>
  <testcase name="VerifyPWMessages" time="1.993" classname="automationFramework.TSJoin"/>
  <testcase name="VerifyPWMessages" time="1.768" classname="automationFramework.TSJoin"/>
  <testcase name="VerifyPWMessages" time="1.907" classname="automationFramework.TSJoin"/>
  <testcase name="VerifyPWMessages" time="1.708" classname="automationFramework.TSJoin"/>
  <testcase name="VerifyPWMessages" time="1.752" classname="automationFramework.TSJoin"/>
  <testcase name="VerifyPWMessages" time="1.794" classname="automationFramework.TSJoin"/>
  <testcase name="VerifyPWMessages" time="1.834" classname="automationFramework.TSJoin"/>
  <testcase name="VerifyValidPW" time="1.577" classname="automationFramework.TSJoin"/>
  <testcase name="VerifyValidPW" time="1.619" classname="automationFramework.TSJoin"/>
  <testcase name="VerifyValidPW" time="1.846" classname="automationFramework.TSJoin"/>
  <testcase name="VerifyValidPW" time="1.434" classname="automationFramework.TSJoin"/>
  <testcase name="VerifyValidPW" time="1.412" classname="automationFramework.TSJoin"/>
  <testcase name="VerifyValidPW" time="1.4" classname="automationFramework.TSJoin"/>
  <testcase name="VerifyValidPW" time="1.441" classname="automationFramework.TSJoin"/>
  <testcase name="VerifyValidPW" time="1.353" classname="automationFramework.TSJoin"/>
  <testcase name="VerifyValidPW" time="1.325" classname="automationFramework.TSJoin"/>
</testsuite> <!-- General tests new relic -->
