<?xml version="1.0" encoding="UTF-8"?>
<!-- Generated by org.testng.reporters.JUnitXMLReporter -->
<testsuite hostname="LT-MRADFORD01" ignored="0" name="Prod Verification 11/6 os patch" tests="11" failures="0" timestamp="2021-11-06T11:56:34 PDT" time="299.641" errors="0">
  <testcase name="Add_org" time="38.745" classname="automationFramework.TSAddOrg"/>
  <testcase name="Add_org" time="33.098" classname="automationFramework.TSAddOrg"/>
  <testcase name="Add_org" time="34.283" classname="automationFramework.TSAddOrg"/>
  <testcase name="Add_org" time="34.815" classname="automationFramework.TSAddOrg"/>
  <testcase name="Add_org" time="30.352" classname="automationFramework.TSAddOrg"/>
  <testcase name="AssociateToOrg" time="18.566" classname="automationFramework.TSAddOrg"/>
  <testcase name="AssociateToOrgValidate" time="24.467" classname="automationFramework.TSAddOrg"/>
  <testcase name="AssociateToOrgValidate" time="17.616" classname="automationFramework.TSAddOrg"/>
  <testcase name="AssociateToOrgValidate" time="18.462" classname="automationFramework.TSAddOrg"/>
  <testcase name="MMDCheck" time="18.368" classname="automationFramework.TSAddOrg"/>
  <testcase name="VerifyRequiredOrgValues" time="16.763" classname="automationFramework.TSAddOrg"/>
</testsuite> <!-- Prod Verification 11/6 os patch -->
