<?xml version="1.0" encoding="UTF-8"?>
<!-- Generated by org.testng.reporters.JUnitXMLReporter -->
<testsuite hostname="LT-MRADFORD01" ignored="0" name="Prod Verification 10-27" tests="5" failures="0" timestamp="2021-11-04T13:04:01 PDT" time="27.421" errors="0">
  <testcase name="checkURLRedriect" time="3.291" classname="automationFramework.TSVerifyPages"/>
  <testcase name="checkURLRedriect" time="2.238" classname="automationFramework.TSVerifyPages"/>
  <testcase name="checkURLRedriect" time="4.314" classname="automationFramework.TSVerifyPages"/>
  <testcase name="checkURLRedriect" time="1.87" classname="automationFramework.TSVerifyPages"/>
  <testcase name="checkURLRedriect" time="1.722" classname="automationFramework.TSVerifyPages"/>
</testsuite> <!-- Prod Verification 10-27 -->
