<?xml version="1.0" encoding="UTF-8"?>
<!-- Generated by org.testng.reporters.JUnitXMLReporter -->
<testsuite hostname="LT-MRADFORD01" ignored="0" name="Product Details" tests="3" failures="0" timestamp="2022-03-09T15:10:59 PST" time="69.754" errors="0">
  <testcase name="TestProductPageDetails" time="27.132" classname="automationFramework.TSProductDetailsTest"/>
  <testcase name="TestProductPageDetails" time="22.853" classname="automationFramework.TSProductDetailsTest"/>
  <testcase name="TestRelatedProducts" time="4.087" classname="automationFramework.TSProductDetailsTest"/>
</testsuite> <!-- Product Details -->
