<?xml version="1.0" encoding="UTF-8"?>
<!-- Generated by org.testng.reporters.JUnitXMLReporter -->
<testsuite hostname="LT-MRADFORD01" ignored="0" name="Prod release 9-15" tests="14" failures="0" timestamp="2021-09-23T21:22:23 PDT" time="1082.715" errors="0">
  <testcase name="BasicCheckout" time="94.478" classname="automationFramework.TSCheckout"/>
  <testcase name="CCCheckout" time="92.027" classname="automationFramework.TSCheckout"/>
  <testcase name="CheckoutUpdatePayment" time="47.927" classname="automationFramework.TSCheckout"/>
  <testcase name="CheckoutUpdatePayment" time="55.345" classname="automationFramework.TSCheckout"/>
  <testcase name="CheckoutUpdatePayment" time="49.249" classname="automationFramework.TSCheckout"/>
  <testcase name="CheckoutVerifyDiscounted" time="100.626" classname="automationFramework.TSCheckout"/>
  <testcase name="CheckoutVerifyShipping" time="180.949" classname="automationFramework.TSCheckout"/>
  <testcase name="CheckoutandVerify" time="61.074" classname="automationFramework.TSCheckout"/>
  <testcase name="testACHFailure" time="52.133" classname="automationFramework.TSCheckout"/>
  <testcase name="testACHFailure" time="59.233" classname="automationFramework.TSCheckout"/>
  <testcase name="testACHFailure" time="61.878" classname="automationFramework.TSCheckout"/>
  <testcase name="testACHFailure" time="69.091" classname="automationFramework.TSCheckout"/>
  <testcase name="testACHFailure" time="66.699" classname="automationFramework.TSCheckout"/>
  <testcase name="testACHFailure" time="63.612" classname="automationFramework.TSCheckout"/>
</testsuite> <!-- Prod release 9-15 -->
