<?xml version="1.0" encoding="UTF-8"?>
<!-- Generated by org.testng.reporters.JUnitXMLReporter -->
<testsuite hostname="LT-MRADFORD01" ignored="0" name="Stage release 9-9" tests="119" failures="2" timestamp="2021-09-10T14:00:47 PDT" time="335.421" errors="0">
  <testcase name="checkBoostPages" time="9.142" classname="automationFramework.TSVerifyPages"/>
  <testcase name="checkBoostPages" time="3.892" classname="automationFramework.TSVerifyPages"/>
  <testcase name="checkBoostPages" time="2.796" classname="automationFramework.TSVerifyPages"/>
  <testcase name="checkBoostPages" time="2.858" classname="automationFramework.TSVerifyPages"/>
  <testcase name="checkBoostPages" time="3.342" classname="automationFramework.TSVerifyPages"/>
  <testcase name="checkBoostPages" time="3.856" classname="automationFramework.TSVerifyPages"/>
  <testcase name="checkCategoryPages" time="1.764" classname="automationFramework.TSVerifyPages"/>
  <testcase name="checkCategoryPages" time="2.193" classname="automationFramework.TSVerifyPages"/>
  <testcase name="checkCategoryPages" time="2.186" classname="automationFramework.TSVerifyPages"/>
  <testcase name="checkCategoryPages" time="2.103" classname="automationFramework.TSVerifyPages"/>
  <testcase name="checkCategoryPages" time="1.747" classname="automationFramework.TSVerifyPages"/>
  <testcase name="checkCategoryPages" time="4.468" classname="automationFramework.TSVerifyPages"/>
  <testcase name="checkCategoryPages" time="2.065" classname="automationFramework.TSVerifyPages"/>
  <testcase name="checkCategoryPages" time="2.063" classname="automationFramework.TSVerifyPages"/>
  <testcase name="checkCategoryPages" time="2.106" classname="automationFramework.TSVerifyPages"/>
  <testcase name="checkCategoryPages" time="1.901" classname="automationFramework.TSVerifyPages"/>
  <testcase name="checkCategoryPages" time="2.314" classname="automationFramework.TSVerifyPages"/>
  <testcase name="checkCategoryPages" time="1.979" classname="automationFramework.TSVerifyPages"/>
  <testcase name="checkCategoryPages" time="4.336" classname="automationFramework.TSVerifyPages"/>
  <testcase name="checkCategoryPages" time="1.932" classname="automationFramework.TSVerifyPages"/>
  <testcase name="checkCategoryPages" time="1.795" classname="automationFramework.TSVerifyPages"/>
  <testcase name="checkCategoryPages" time="1.717" classname="automationFramework.TSVerifyPages"/>
  <testcase name="checkCategoryPages" time="2.249" classname="automationFramework.TSVerifyPages"/>
  <testcase name="checkCategoryPages" time="2.331" classname="automationFramework.TSVerifyPages"/>
  <testcase name="checkCategoryPages" time="2.373" classname="automationFramework.TSVerifyPages"/>
  <testcase name="checkCategoryPages" time="1.815" classname="automationFramework.TSVerifyPages"/>
  <testcase name="checkCategoryPages" time="2.963" classname="automationFramework.TSVerifyPages"/>
  <testcase name="checkCategoryPages" time="1.933" classname="automationFramework.TSVerifyPages"/>
  <testcase name="checkDonorPages" time="2.287" classname="automationFramework.TSVerifyPages"/>
  <testcase name="checkDonorPages" time="1.929" classname="automationFramework.TSVerifyPages"/>
  <testcase name="checkDonorPages" time="2.98" classname="automationFramework.TSVerifyPages"/>
  <testcase name="checkDonorPages" time="3.158" classname="automationFramework.TSVerifyPages"/>
  <testcase name="checkDonorPages" time="1.88" classname="automationFramework.TSVerifyPages"/>
  <testcase name="checkDonorPages" time="1.956" classname="automationFramework.TSVerifyPages"/>
  <testcase name="checkDonorPages" time="1.609" classname="automationFramework.TSVerifyPages"/>
  <testcase name="checkDonorPages" time="2.592" classname="automationFramework.TSVerifyPages"/>
  <testcase name="checkDonorPages" time="2.625" classname="automationFramework.TSVerifyPages"/>
  <testcase name="checkDonorPages" time="2.132" classname="automationFramework.TSVerifyPages"/>
  <testcase name="checkDonorPages" time="1.821" classname="automationFramework.TSVerifyPages"/>
  <testcase name="checkDonorPages" time="2.2" classname="automationFramework.TSVerifyPages"/>
  <testcase name="checkDonorPages" time="1.631" classname="automationFramework.TSVerifyPages"/>
  <testcase name="checkDonorPages" time="3.121" classname="automationFramework.TSVerifyPages"/>
  <testcase name="checkDonorPages" time="1.88" classname="automationFramework.TSVerifyPages"/>
  <testcase name="checkDonorPages" time="1.525" classname="automationFramework.TSVerifyPages"/>
  <testcase name="checkDonorPages" time="3.152" classname="automationFramework.TSVerifyPages"/>
  <testcase name="checkDonorPages" time="2.004" classname="automationFramework.TSVerifyPages"/>
  <testcase name="checkDonorPages" time="2.82" classname="automationFramework.TSVerifyPages"/>
  <testcase name="checkDonorPages" time="5.74" classname="automationFramework.TSVerifyPages"/>
  <testcase name="checkDonorPages" time="1.821" classname="automationFramework.TSVerifyPages"/>
  <testcase name="checkDonorPages" time="1.586" classname="automationFramework.TSVerifyPages"/>
  <testcase name="checkDonorPages" time="1.938" classname="automationFramework.TSVerifyPages"/>
  <testcase name="checkDonorPages" time="3.313" classname="automationFramework.TSVerifyPages"/>
  <testcase name="checkDonorPages" time="2.331" classname="automationFramework.TSVerifyPages"/>
  <testcase name="checkDonorPages" time="2.27" classname="automationFramework.TSVerifyPages"/>
  <testcase name="checkDonorPages" time="2.039" classname="automationFramework.TSVerifyPages"/>
  <testcase name="checkDonorPages" time="2.344" classname="automationFramework.TSVerifyPages"/>
  <testcase name="checkDonorPages" time="2.906" classname="automationFramework.TSVerifyPages"/>
  <testcase name="checkDonorPages" time="3.07" classname="automationFramework.TSVerifyPages"/>
  <testcase name="checkDonorPages" time="2.777" classname="automationFramework.TSVerifyPages"/>
  <testcase name="checkDonorPages" time="1.61" classname="automationFramework.TSVerifyPages"/>
  <testcase name="checkDonorPages" time="1.856" classname="automationFramework.TSVerifyPages"/>
  <testcase name="checkDonorPages" time="1.763" classname="automationFramework.TSVerifyPages"/>
  <testcase name="checkDonorPages" time="1.723" classname="automationFramework.TSVerifyPages"/>
  <testcase name="checkDonorPages" time="1.631" classname="automationFramework.TSVerifyPages"/>
  <testcase name="checkDonorPages" time="1.664" classname="automationFramework.TSVerifyPages"/>
  <testcase name="checkDonorPages" time="3.488" classname="automationFramework.TSVerifyPages"/>
  <testcase name="checkDonorPages" time="4.217" classname="automationFramework.TSVerifyPages"/>
  <testcase name="checkDonorPages" time="1.708" classname="automationFramework.TSVerifyPages"/>
  <testcase name="checkDonorPages" time="1.674" classname="automationFramework.TSVerifyPages"/>
  <testcase name="checkDonorPages" time="2.497" classname="automationFramework.TSVerifyPages"/>
  <testcase name="checkDonorPages" time="1.766" classname="automationFramework.TSVerifyPages"/>
  <testcase name="checkDonorPages" time="1.935" classname="automationFramework.TSVerifyPages"/>
  <testcase name="checkDonorPages" time="1.685" classname="automationFramework.TSVerifyPages"/>
  <testcase name="checkDonorPages" time="2.003" classname="automationFramework.TSVerifyPages"/>
  <testcase name="checkDonorPages" time="7.168" classname="automationFramework.TSVerifyPages"/>
  <testcase name="checkDonorPages" time="5.214" classname="automationFramework.TSVerifyPages"/>
  <testcase name="checkDonorPages" time="2.112" classname="automationFramework.TSVerifyPages"/>
  <testcase name="checkDonorPages" time="1.924" classname="automationFramework.TSVerifyPages"/>
  <testcase name="checkDonorPages" time="1.788" classname="automationFramework.TSVerifyPages"/>
  <testcase name="checkDonorPages" time="1.775" classname="automationFramework.TSVerifyPages"/>
  <testcase name="checkDonorPages" time="2.294" classname="automationFramework.TSVerifyPages"/>
  <testcase name="checkDonorPages" time="2.423" classname="automationFramework.TSVerifyPages"/>
  <testcase name="checkDonorPages" time="2.205" classname="automationFramework.TSVerifyPages"/>
  <testcase name="checkDonorPages" time="2.108" classname="automationFramework.TSVerifyPages"/>
  <testcase name="checkDonorPages" time="3.009" classname="automationFramework.TSVerifyPages"/>
  <testcase name="checkDonorPages" time="1.801" classname="automationFramework.TSVerifyPages"/>
  <testcase name="checkDonorPages" time="2.774" classname="automationFramework.TSVerifyPages"/>
  <testcase name="checkDonorPages" time="3.993" classname="automationFramework.TSVerifyPages"/>
  <testcase name="checkDonorPages" time="1.907" classname="automationFramework.TSVerifyPages"/>
  <testcase name="checkDonorPages" time="2.035" classname="automationFramework.TSVerifyPages"/>
  <testcase name="checkDonorPages" time="2.059" classname="automationFramework.TSVerifyPages"/>
  <testcase name="checkDonorPages" time="4.218" classname="automationFramework.TSVerifyPages"/>
  <testcase name="checkDonorPages" time="3.134" classname="automationFramework.TSVerifyPages"/>
  <testcase name="checkDonorPages" time="4.089" classname="automationFramework.TSVerifyPages"/>
  <testcase name="checkDonorPages" time="2.069" classname="automationFramework.TSVerifyPages"/>
  <testcase name="checkDonorPages" time="1.704" classname="automationFramework.TSVerifyPages"/>
  <testcase name="checkDonorPages" time="3.339" classname="automationFramework.TSVerifyPages"/>
  <testcase name="checkDonorPages" time="1.98" classname="automationFramework.TSVerifyPages"/>
  <testcase name="checkDonorPages" time="3.313" classname="automationFramework.TSVerifyPages"/>
  <testcase name="checkDonorPages" time="2.787" classname="automationFramework.TSVerifyPages"/>
  <testcase name="checkDonorPages" time="2.284" classname="automationFramework.TSVerifyPages"/>
  <testcase name="checkDonorPages" time="1.764" classname="automationFramework.TSVerifyPages"/>
  <testcase name="checkDonorPages" time="1.699" classname="automationFramework.TSVerifyPages"/>
  <testcase name="checkDonorPages" time="2.049" classname="automationFramework.TSVerifyPages"/>
  <testcase name="checkDonorPages" time="2.752" classname="automationFramework.TSVerifyPages"/>
  <testcase name="checkDonorPages" time="1.81" classname="automationFramework.TSVerifyPages"/>
  <testcase name="checkDonorPages" time="1.842" classname="automationFramework.TSVerifyPages"/>
  <testcase name="checkDonorPages" time="1.629" classname="automationFramework.TSVerifyPages"/>
  <testcase name="checkDonorPages" time="2.205" classname="automationFramework.TSVerifyPages"/>
  <testcase name="checkDonorPages" time="4.706" classname="automationFramework.TSVerifyPages"/>
  <testcase name="checkDonorPages" time="2.482" classname="automationFramework.TSVerifyPages"/>
  <testcase name="checkDonorPages" time="1.865" classname="automationFramework.TSVerifyPages"/>
  <testcase name="checkDonorPages" time="1.661" classname="automationFramework.TSVerifyPages"/>
  <testcase name="checkDonorPages" time="1.901" classname="automationFramework.TSVerifyPages"/>
  <testcase name="checkDonorPages" time="2.887" classname="automationFramework.TSVerifyPages"/>
  <testcase name="checkDonorPages" time="2.352" classname="automationFramework.TSVerifyPages"/>
  <testcase name="checkDonorPages" time="1.75" classname="automationFramework.TSVerifyPages"/>
  <testcase name="checkPageCononical" time="8.609" classname="automationFramework.TSVerifyPages">
    <failure type="java.lang.AssertionError" message="did not expect to find [true] but found [false]">
      <![CDATA[java.lang.AssertionError: did not expect to find [true] but found [false]
at automationFramework.TSVerifyPages.checkPageCononical(TSVerifyPages.java:121)
at java.util.ArrayList.forEach(ArrayList.java:1257)
... Removed 31 stack frames]]>
    </failure>
  </testcase> <!-- checkPageCononical -->
  <testcase name="checkPageCononical" time="8.759" classname="automationFramework.TSVerifyPages">
    <failure type="java.lang.NullPointerException">
      <![CDATA[java.lang.NullPointerException
at appModule.Listeners.onTestFailure(Listeners.java:51)
at java.util.ArrayList.forEach(ArrayList.java:1257)
... Removed 24 stack frames]]>
    </failure>
  </testcase> <!-- checkPageCononical -->
</testsuite> <!-- Stage release 9-9 -->
