<?xml version="1.0" encoding="UTF-8"?>
<!-- Generated by org.testng.reporters.JUnitXMLReporter -->
<testsuite hostname="LT-MRADFORD01" ignored="0" name="Expire check" tests="7" failures="0" timestamp="2021-02-04T13:29:44 PST" time="143.924" errors="0">
  <testcase name="CheckLoginExpired" time="17.558" classname="automationFramework.TSExpireOrg"/>
  <testcase name="CheckLoginExpired" time="17.971" classname="automationFramework.TSExpireOrg"/>
  <testcase name="CheckLoginExpiredFromPages" time="15.198" classname="automationFramework.TSExpireOrg"/>
  <testcase name="CheckLoginExpiredFromPages" time="19.299" classname="automationFramework.TSExpireOrg"/>
  <testcase name="CheckLoginExpiredFromPages" time="15.551" classname="automationFramework.TSExpireOrg"/>
  <testcase name="CheckLoginExpiredFromPages" time="21.072" classname="automationFramework.TSExpireOrg"/>
  <testcase name="VerifyPopUpText" time="20.927" classname="automationFramework.TSExpireOrg"/>
</testsuite> <!-- Expire check -->
