<?xml version="1.0" encoding="UTF-8"?>
<!-- Generated by org.testng.reporters.JUnitXMLReporter -->
<testsuite hostname="LT-MRADFORD01" ignored="0" name="Live release" tests="55" failures="0" timestamp="2021-05-17T06:48:24 PDT" time="352.595" errors="0">
  <testcase name="AmpSearchForums" time="5.944" classname="automationFramework.TSSearch"/>
  <testcase name="AmpSearchForums" time="4.997" classname="automationFramework.TSSearch"/>
  <testcase name="AmpSearchForums" time="5.114" classname="automationFramework.TSSearch"/>
  <testcase name="AmpSearchForums" time="5.859" classname="automationFramework.TSSearch"/>
  <testcase name="AmpSearchForums" time="14.194" classname="automationFramework.TSSearch"/>
  <testcase name="AmpSearchForums" time="4.433" classname="automationFramework.TSSearch"/>
  <testcase name="AmpSearchForums" time="7.58" classname="automationFramework.TSSearch"/>
  <testcase name="AmpSearchForums" time="5.067" classname="automationFramework.TSSearch"/>
  <testcase name="AmpSearchForums" time="6.733" classname="automationFramework.TSSearch"/>
  <testcase name="AmpSearchForums" time="8.061" classname="automationFramework.TSSearch"/>
  <testcase name="AmpSearchForums" time="6.755" classname="automationFramework.TSSearch"/>
  <testcase name="AmpSearchForums" time="5.988" classname="automationFramework.TSSearch"/>
  <testcase name="AmpSearchForums" time="4.823" classname="automationFramework.TSSearch"/>
  <testcase name="AmpSearchForums" time="5.735" classname="automationFramework.TSSearch"/>
  <testcase name="AmpSearchForums" time="6.247" classname="automationFramework.TSSearch"/>
  <testcase name="AmpSearchForums" time="4.224" classname="automationFramework.TSSearch"/>
  <testcase name="AmpSearchForums" time="5.115" classname="automationFramework.TSSearch"/>
  <testcase name="AmpSearchForums" time="4.026" classname="automationFramework.TSSearch"/>
  <testcase name="Search" time="11.104" classname="automationFramework.TSSearch"/>
  <testcase name="SearchAndSort" time="19.833" classname="automationFramework.TSSearch"/>
  <testcase name="SearchFilterValues" time="15.304" classname="automationFramework.TSSearch"/>
  <testcase name="SearchSpellCommunity" time="12.632" classname="automationFramework.TSSearch"/>
  <testcase name="SearchSpellCommunity" time="5.997" classname="automationFramework.TSSearch"/>
  <testcase name="SearchSpellCommunity" time="6.522" classname="automationFramework.TSSearch"/>
  <testcase name="SearchSpellCommunity" time="6.89" classname="automationFramework.TSSearch"/>
  <testcase name="SearchSpellCommunity" time="6.911" classname="automationFramework.TSSearch"/>
  <testcase name="SearchSpellCommunity" time="5.819" classname="automationFramework.TSSearch"/>
  <testcase name="SearchSpellCommunity" time="6.626" classname="automationFramework.TSSearch"/>
  <testcase name="SearchSpellCommunity" time="5.942" classname="automationFramework.TSSearch"/>
  <testcase name="SearchSpellCommunity" time="6.185" classname="automationFramework.TSSearch"/>
  <testcase name="SearchSpellCommunity" time="6.94" classname="automationFramework.TSSearch"/>
  <testcase name="SearchSpellCommunity" time="5.896" classname="automationFramework.TSSearch"/>
  <testcase name="SearchSpellCommunity" time="5.432" classname="automationFramework.TSSearch"/>
  <testcase name="SearchSpellCommunity" time="6.475" classname="automationFramework.TSSearch"/>
  <testcase name="SearchSpellCommunity" time="7.784" classname="automationFramework.TSSearch"/>
  <testcase name="SearchSpellCommunity" time="6.557" classname="automationFramework.TSSearch"/>
  <testcase name="SearchSpellCommunity" time="6.271" classname="automationFramework.TSSearch"/>
  <testcase name="SearchSpellSP" time="3.475" classname="automationFramework.TSSearch"/>
  <testcase name="SearchSpellSP" time="3.556" classname="automationFramework.TSSearch"/>
  <testcase name="SearchSpellSP" time="3.909" classname="automationFramework.TSSearch"/>
  <testcase name="SearchSpellSP" time="3.942" classname="automationFramework.TSSearch"/>
  <testcase name="SearchSpellSP" time="4.317" classname="automationFramework.TSSearch"/>
  <testcase name="SearchSpellSP" time="3.764" classname="automationFramework.TSSearch"/>
  <testcase name="SearchSpellSP" time="4.488" classname="automationFramework.TSSearch"/>
  <testcase name="SearchSpellSP" time="3.45" classname="automationFramework.TSSearch"/>
  <testcase name="SearchSpellSP" time="3.271" classname="automationFramework.TSSearch"/>
  <testcase name="SearchSpellSP" time="3.972" classname="automationFramework.TSSearch"/>
  <testcase name="SearchSpellSP" time="4.054" classname="automationFramework.TSSearch"/>
  <testcase name="SearchSpellSP" time="3.635" classname="automationFramework.TSSearch"/>
  <testcase name="SearchSpellSP" time="3.257" classname="automationFramework.TSSearch"/>
  <testcase name="SearchSpellSP" time="4.195" classname="automationFramework.TSSearch"/>
  <testcase name="SearchSpellSP" time="4.02" classname="automationFramework.TSSearch"/>
  <testcase name="SearchSpellSP" time="3.57" classname="automationFramework.TSSearch"/>
  <testcase name="SearchSpellSP" time="3.127" classname="automationFramework.TSSearch"/>
  <testcase name="SearchSpellSP" time="2.942" classname="automationFramework.TSSearch"/>
</testsuite> <!-- Live release -->
