<?xml version="1.0" encoding="UTF-8"?>
<!-- Generated by org.testng.reporters.JUnitXMLReporter -->
<testsuite hostname="LT-MRADFORD01" ignored="0" name="lucky orange tests" tests="3" failures="0" timestamp="2020-09-22T14:47:05 PDT" time="146.635" errors="0">
  <testcase name="TestProductPageDetails" time="26.308" classname="automationFramework.TSProductDetailsTest"/>
  <testcase name="TestProductPageDetails" time="59.967" classname="automationFramework.TSProductDetailsTest"/>
  <testcase name="TestRelatedProducts" time="39.67" classname="automationFramework.TSProductDetailsTest"/>
</testsuite> <!-- lucky orange tests -->
