<?xml version="1.0" encoding="UTF-8"?>
<!-- Generated by org.testng.reporters.JUnitXMLReporter -->
<testsuite hostname="LT-MRADFORD01" ignored="0" name="Prod dec release" tests="118" failures="0" timestamp="2020-12-21T14:04:34 PST" time="709.673" errors="0">
  <testcase name="checkBoostPages" time="10.94" classname="automationFramework.TSVerifyPages"/>
  <testcase name="checkBoostPages" time="7.186" classname="automationFramework.TSVerifyPages"/>
  <testcase name="checkBoostPages" time="7.013" classname="automationFramework.TSVerifyPages"/>
  <testcase name="checkBoostPages" time="7.24" classname="automationFramework.TSVerifyPages"/>
  <testcase name="checkBoostPages" time="9.841" classname="automationFramework.TSVerifyPages"/>
  <testcase name="checkBoostPages" time="10.684" classname="automationFramework.TSVerifyPages"/>
  <testcase name="checkCategoryPages" time="5.046" classname="automationFramework.TSVerifyPages"/>
  <testcase name="checkCategoryPages" time="5.771" classname="automationFramework.TSVerifyPages"/>
  <testcase name="checkCategoryPages" time="6.738" classname="automationFramework.TSVerifyPages"/>
  <testcase name="checkCategoryPages" time="4.878" classname="automationFramework.TSVerifyPages"/>
  <testcase name="checkCategoryPages" time="4.029" classname="automationFramework.TSVerifyPages"/>
  <testcase name="checkCategoryPages" time="7.295" classname="automationFramework.TSVerifyPages"/>
  <testcase name="checkCategoryPages" time="4.333" classname="automationFramework.TSVerifyPages"/>
  <testcase name="checkCategoryPages" time="4.422" classname="automationFramework.TSVerifyPages"/>
  <testcase name="checkCategoryPages" time="5.222" classname="automationFramework.TSVerifyPages"/>
  <testcase name="checkCategoryPages" time="5.61" classname="automationFramework.TSVerifyPages"/>
  <testcase name="checkCategoryPages" time="8.999" classname="automationFramework.TSVerifyPages"/>
  <testcase name="checkCategoryPages" time="5.162" classname="automationFramework.TSVerifyPages"/>
  <testcase name="checkCategoryPages" time="13.357" classname="automationFramework.TSVerifyPages"/>
  <testcase name="checkCategoryPages" time="6.03" classname="automationFramework.TSVerifyPages"/>
  <testcase name="checkCategoryPages" time="6.281" classname="automationFramework.TSVerifyPages"/>
  <testcase name="checkCategoryPages" time="9.171" classname="automationFramework.TSVerifyPages"/>
  <testcase name="checkCategoryPages" time="7.207" classname="automationFramework.TSVerifyPages"/>
  <testcase name="checkCategoryPages" time="5.301" classname="automationFramework.TSVerifyPages"/>
  <testcase name="checkCategoryPages" time="16.701" classname="automationFramework.TSVerifyPages"/>
  <testcase name="checkCategoryPages" time="6.318" classname="automationFramework.TSVerifyPages"/>
  <testcase name="checkCategoryPages" time="6.481" classname="automationFramework.TSVerifyPages"/>
  <testcase name="checkCategoryPages" time="6.001" classname="automationFramework.TSVerifyPages"/>
  <testcase name="checkDonorPages" time="6.019" classname="automationFramework.TSVerifyPages"/>
  <testcase name="checkDonorPages" time="7.28" classname="automationFramework.TSVerifyPages"/>
  <testcase name="checkDonorPages" time="14.238" classname="automationFramework.TSVerifyPages"/>
  <testcase name="checkDonorPages" time="5.909" classname="automationFramework.TSVerifyPages"/>
  <testcase name="checkDonorPages" time="6.273" classname="automationFramework.TSVerifyPages"/>
  <testcase name="checkDonorPages" time="6.72" classname="automationFramework.TSVerifyPages"/>
  <testcase name="checkDonorPages" time="5.269" classname="automationFramework.TSVerifyPages"/>
  <testcase name="checkDonorPages" time="9.754" classname="automationFramework.TSVerifyPages"/>
  <testcase name="checkDonorPages" time="7.304" classname="automationFramework.TSVerifyPages"/>
  <testcase name="checkDonorPages" time="6.004" classname="automationFramework.TSVerifyPages"/>
  <testcase name="checkDonorPages" time="6.319" classname="automationFramework.TSVerifyPages"/>
  <testcase name="checkDonorPages" time="5.897" classname="automationFramework.TSVerifyPages"/>
  <testcase name="checkDonorPages" time="5.478" classname="automationFramework.TSVerifyPages"/>
  <testcase name="checkDonorPages" time="6.225" classname="automationFramework.TSVerifyPages"/>
  <testcase name="checkDonorPages" time="6.653" classname="automationFramework.TSVerifyPages"/>
  <testcase name="checkDonorPages" time="4.619" classname="automationFramework.TSVerifyPages"/>
  <testcase name="checkDonorPages" time="5.19" classname="automationFramework.TSVerifyPages"/>
  <testcase name="checkDonorPages" time="3.628" classname="automationFramework.TSVerifyPages"/>
  <testcase name="checkDonorPages" time="7.487" classname="automationFramework.TSVerifyPages"/>
  <testcase name="checkDonorPages" time="5.421" classname="automationFramework.TSVerifyPages"/>
  <testcase name="checkDonorPages" time="4.458" classname="automationFramework.TSVerifyPages"/>
  <testcase name="checkDonorPages" time="4.294" classname="automationFramework.TSVerifyPages"/>
  <testcase name="checkDonorPages" time="6.32" classname="automationFramework.TSVerifyPages"/>
  <testcase name="checkDonorPages" time="4.914" classname="automationFramework.TSVerifyPages"/>
  <testcase name="checkDonorPages" time="4.774" classname="automationFramework.TSVerifyPages"/>
  <testcase name="checkDonorPages" time="4.487" classname="automationFramework.TSVerifyPages"/>
  <testcase name="checkDonorPages" time="4.58" classname="automationFramework.TSVerifyPages"/>
  <testcase name="checkDonorPages" time="5.354" classname="automationFramework.TSVerifyPages"/>
  <testcase name="checkDonorPages" time="5.016" classname="automationFramework.TSVerifyPages"/>
  <testcase name="checkDonorPages" time="4.169" classname="automationFramework.TSVerifyPages"/>
  <testcase name="checkDonorPages" time="4.983" classname="automationFramework.TSVerifyPages"/>
  <testcase name="checkDonorPages" time="3.671" classname="automationFramework.TSVerifyPages"/>
  <testcase name="checkDonorPages" time="2.79" classname="automationFramework.TSVerifyPages"/>
  <testcase name="checkDonorPages" time="4.836" classname="automationFramework.TSVerifyPages"/>
  <testcase name="checkDonorPages" time="4.377" classname="automationFramework.TSVerifyPages"/>
  <testcase name="checkDonorPages" time="4.487" classname="automationFramework.TSVerifyPages"/>
  <testcase name="checkDonorPages" time="4.288" classname="automationFramework.TSVerifyPages"/>
  <testcase name="checkDonorPages" time="5.528" classname="automationFramework.TSVerifyPages"/>
  <testcase name="checkDonorPages" time="6.583" classname="automationFramework.TSVerifyPages"/>
  <testcase name="checkDonorPages" time="4.956" classname="automationFramework.TSVerifyPages"/>
  <testcase name="checkDonorPages" time="4.306" classname="automationFramework.TSVerifyPages"/>
  <testcase name="checkDonorPages" time="4.982" classname="automationFramework.TSVerifyPages"/>
  <testcase name="checkDonorPages" time="4.147" classname="automationFramework.TSVerifyPages"/>
  <testcase name="checkDonorPages" time="4.481" classname="automationFramework.TSVerifyPages"/>
  <testcase name="checkDonorPages" time="5.368" classname="automationFramework.TSVerifyPages"/>
  <testcase name="checkDonorPages" time="5.109" classname="automationFramework.TSVerifyPages"/>
  <testcase name="checkDonorPages" time="9.995" classname="automationFramework.TSVerifyPages"/>
  <testcase name="checkDonorPages" time="9.557" classname="automationFramework.TSVerifyPages"/>
  <testcase name="checkDonorPages" time="5.416" classname="automationFramework.TSVerifyPages"/>
  <testcase name="checkDonorPages" time="4.778" classname="automationFramework.TSVerifyPages"/>
  <testcase name="checkDonorPages" time="5.277" classname="automationFramework.TSVerifyPages"/>
  <testcase name="checkDonorPages" time="7.461" classname="automationFramework.TSVerifyPages"/>
  <testcase name="checkDonorPages" time="5.479" classname="automationFramework.TSVerifyPages"/>
  <testcase name="checkDonorPages" time="3.513" classname="automationFramework.TSVerifyPages"/>
  <testcase name="checkDonorPages" time="4.961" classname="automationFramework.TSVerifyPages"/>
  <testcase name="checkDonorPages" time="4.377" classname="automationFramework.TSVerifyPages"/>
  <testcase name="checkDonorPages" time="4.702" classname="automationFramework.TSVerifyPages"/>
  <testcase name="checkDonorPages" time="4.392" classname="automationFramework.TSVerifyPages"/>
  <testcase name="checkDonorPages" time="4.088" classname="automationFramework.TSVerifyPages"/>
  <testcase name="checkDonorPages" time="5.494" classname="automationFramework.TSVerifyPages"/>
  <testcase name="checkDonorPages" time="5.077" classname="automationFramework.TSVerifyPages"/>
  <testcase name="checkDonorPages" time="4.991" classname="automationFramework.TSVerifyPages"/>
  <testcase name="checkDonorPages" time="4.004" classname="automationFramework.TSVerifyPages"/>
  <testcase name="checkDonorPages" time="6.614" classname="automationFramework.TSVerifyPages"/>
  <testcase name="checkDonorPages" time="4.904" classname="automationFramework.TSVerifyPages"/>
  <testcase name="checkDonorPages" time="5.678" classname="automationFramework.TSVerifyPages"/>
  <testcase name="checkDonorPages" time="4.955" classname="automationFramework.TSVerifyPages"/>
  <testcase name="checkDonorPages" time="5.198" classname="automationFramework.TSVerifyPages"/>
  <testcase name="checkDonorPages" time="4.973" classname="automationFramework.TSVerifyPages"/>
  <testcase name="checkDonorPages" time="5.045" classname="automationFramework.TSVerifyPages"/>
  <testcase name="checkDonorPages" time="3.956" classname="automationFramework.TSVerifyPages"/>
  <testcase name="checkDonorPages" time="4.638" classname="automationFramework.TSVerifyPages"/>
  <testcase name="checkDonorPages" time="4.519" classname="automationFramework.TSVerifyPages"/>
  <testcase name="checkDonorPages" time="4.737" classname="automationFramework.TSVerifyPages"/>
  <testcase name="checkDonorPages" time="4.941" classname="automationFramework.TSVerifyPages"/>
  <testcase name="checkDonorPages" time="4.649" classname="automationFramework.TSVerifyPages"/>
  <testcase name="checkDonorPages" time="5.047" classname="automationFramework.TSVerifyPages"/>
  <testcase name="checkDonorPages" time="4.585" classname="automationFramework.TSVerifyPages"/>
  <testcase name="checkDonorPages" time="4.134" classname="automationFramework.TSVerifyPages"/>
  <testcase name="checkDonorPages" time="3.887" classname="automationFramework.TSVerifyPages"/>
  <testcase name="checkDonorPages" time="5.273" classname="automationFramework.TSVerifyPages"/>
  <testcase name="checkDonorPages" time="4.983" classname="automationFramework.TSVerifyPages"/>
  <testcase name="checkDonorPages" time="4.459" classname="automationFramework.TSVerifyPages"/>
  <testcase name="checkDonorPages" time="4.568" classname="automationFramework.TSVerifyPages"/>
  <testcase name="checkDonorPages" time="4.665" classname="automationFramework.TSVerifyPages"/>
  <testcase name="checkDonorPages" time="4.443" classname="automationFramework.TSVerifyPages"/>
  <testcase name="checkDonorPages" time="5.178" classname="automationFramework.TSVerifyPages"/>
  <testcase name="checkDonorPages" time="5.236" classname="automationFramework.TSVerifyPages"/>
  <testcase name="checkDonorPages" time="4.475" classname="automationFramework.TSVerifyPages"/>
  <testcase name="checkPageCononical" time="11.455" classname="automationFramework.TSVerifyPages"/>
</testsuite> <!-- Prod dec release -->
