<?xml version="1.0" encoding="UTF-8"?>
<!-- Generated by org.testng.reporters.JUnitXMLReporter -->
<testsuite hostname="LT-MRADFORD01" ignored="0" name="QA Lucky orange traffic check" tests="20" failures="2" timestamp="2020-09-16T17:14:44 PDT" time="59.289" errors="0">
  <testcase name="checkBoostPages" time="3.025" classname="automationFramework.TSVerifyPages"/>
  <testcase name="checkBoostPages" time="2.361" classname="automationFramework.TSVerifyPages"/>
  <testcase name="checkBoostPages" time="2.393" classname="automationFramework.TSVerifyPages"/>
  <testcase name="checkBoostPages" time="2.318" classname="automationFramework.TSVerifyPages"/>
  <testcase name="checkBoostPages" time="2.366" classname="automationFramework.TSVerifyPages"/>
  <testcase name="checkBoostPages" time="2.6" classname="automationFramework.TSVerifyPages"/>
  <testcase name="checkCategoryPages" time="2.29" classname="automationFramework.TSVerifyPages"/>
  <testcase name="checkCategoryPages" time="2.922" classname="automationFramework.TSVerifyPages"/>
  <testcase name="checkCategoryPages" time="2.346" classname="automationFramework.TSVerifyPages"/>
  <testcase name="checkCategoryPages" time="2.548" classname="automationFramework.TSVerifyPages"/>
  <testcase name="checkCategoryPages" time="2.268" classname="automationFramework.TSVerifyPages"/>
  <testcase name="checkCategoryPages" time="3.398" classname="automationFramework.TSVerifyPages"/>
  <testcase name="checkCategoryPages" time="2.282" classname="automationFramework.TSVerifyPages"/>
  <testcase name="checkCategoryPages" time="2.338" classname="automationFramework.TSVerifyPages"/>
  <testcase name="checkCategoryPages" time="2.422" classname="automationFramework.TSVerifyPages"/>
  <testcase name="checkCategoryPages" time="2.474" classname="automationFramework.TSVerifyPages"/>
  <testcase name="checkCategoryPages" time="2.302" classname="automationFramework.TSVerifyPages"/>
  <testcase name="checkCategoryPages" time="2.363" classname="automationFramework.TSVerifyPages"/>
  <testcase name="checkCategoryPages" time="1.422" classname="automationFramework.TSVerifyPages">
    <failure type="java.lang.AssertionError" message="expected [false] but found [true]">
      <![CDATA[java.lang.AssertionError: expected [false] but found [true]
at automationFramework.TSVerifyPages.checkCategoryPages(TSVerifyPages.java:57)
at java.util.ArrayList.forEach(ArrayList.java:1257)
... Removed 32 stack frames]]>
    </failure>
  </testcase> <!-- checkCategoryPages -->
  <testcase name="checkCategoryPages" time="31.741" classname="automationFramework.TSVerifyPages">
    <failure type="java.lang.NullPointerException">
      <![CDATA[java.lang.NullPointerException
at appModule.Listeners.onTestFailure(Listeners.java:51)
at java.util.ArrayList.forEach(ArrayList.java:1257)
... Removed 24 stack frames]]>
    </failure>
  </testcase> <!-- checkCategoryPages -->
</testsuite> <!-- QA Lucky orange traffic check -->
