<?xml version="1.0" encoding="UTF-8"?>
<!-- Generated by org.testng.reporters.JUnitXMLReporter -->
<testsuite hostname="LT-MRADFORD01" ignored="0" name="QA tests" tests="36" failures="0" timestamp="2020-09-04T07:11:08 PDT" time="241.125" errors="0">
  <testcase name="Search" time="20.618" classname="automationFramework.TSSearch"/>
  <testcase name="SearchFilterValues" time="12.821" classname="automationFramework.TSSearch"/>
  <testcase name="SearchSpellCommunity" time="72.091" classname="automationFramework.TSSearch"/>
  <testcase name="SearchSpellCommunity" time="4.993" classname="automationFramework.TSSearch"/>
  <testcase name="SearchSpellCommunity" time="4.957" classname="automationFramework.TSSearch"/>
  <testcase name="SearchSpellCommunity" time="4.716" classname="automationFramework.TSSearch"/>
  <testcase name="SearchSpellCommunity" time="4.699" classname="automationFramework.TSSearch"/>
  <testcase name="SearchSpellCommunity" time="4.365" classname="automationFramework.TSSearch"/>
  <testcase name="SearchSpellCommunity" time="5.257" classname="automationFramework.TSSearch"/>
  <testcase name="SearchSpellCommunity" time="4.326" classname="automationFramework.TSSearch"/>
  <testcase name="SearchSpellCommunity" time="4.802" classname="automationFramework.TSSearch"/>
  <testcase name="SearchSpellCommunity" time="4.384" classname="automationFramework.TSSearch"/>
  <testcase name="SearchSpellCommunity" time="4.817" classname="automationFramework.TSSearch"/>
  <testcase name="SearchSpellCommunity" time="4.26" classname="automationFramework.TSSearch"/>
  <testcase name="SearchSpellCommunity" time="4.238" classname="automationFramework.TSSearch"/>
  <testcase name="SearchSpellCommunity" time="4.978" classname="automationFramework.TSSearch"/>
  <testcase name="SearchSpellCommunity" time="4.88" classname="automationFramework.TSSearch"/>
  <testcase name="SearchSpellCommunity" time="4.71" classname="automationFramework.TSSearch"/>
  <testcase name="SearchSpellSP" time="2.665" classname="automationFramework.TSSearch"/>
  <testcase name="SearchSpellSP" time="3.252" classname="automationFramework.TSSearch"/>
  <testcase name="SearchSpellSP" time="2.847" classname="automationFramework.TSSearch"/>
  <testcase name="SearchSpellSP" time="3.114" classname="automationFramework.TSSearch"/>
  <testcase name="SearchSpellSP" time="3.103" classname="automationFramework.TSSearch"/>
  <testcase name="SearchSpellSP" time="2.632" classname="automationFramework.TSSearch"/>
  <testcase name="SearchSpellSP" time="3.189" classname="automationFramework.TSSearch"/>
  <testcase name="SearchSpellSP" time="2.69" classname="automationFramework.TSSearch"/>
  <testcase name="SearchSpellSP" time="3.248" classname="automationFramework.TSSearch"/>
  <testcase name="SearchSpellSP" time="2.774" classname="automationFramework.TSSearch"/>
  <testcase name="SearchSpellSP" time="2.904" classname="automationFramework.TSSearch"/>
  <testcase name="SearchSpellSP" time="2.793" classname="automationFramework.TSSearch"/>
  <testcase name="SearchSpellSP" time="2.201" classname="automationFramework.TSSearch"/>
  <testcase name="SearchSpellSP" time="2.978" classname="automationFramework.TSSearch"/>
  <testcase name="SearchSpellSP" time="3.405" classname="automationFramework.TSSearch"/>
  <testcase name="SearchSpellSP" time="2.985" classname="automationFramework.TSSearch"/>
  <testcase name="SearchSpellSP" time="2.386" classname="automationFramework.TSSearch"/>
  <testcase name="SearchSpellSP" time="2.747" classname="automationFramework.TSSearch"/>
</testsuite> <!-- QA tests -->
