<?xml version="1.0" encoding="UTF-8"?>
<!-- Generated by org.testng.reporters.JUnitXMLReporter -->
<testsuite hostname="LT-MRADFORD01" ignored="0" name="Stage/qa test" tests="5" failures="0" timestamp="2020-12-09T08:43:38 PST" time="129.491" errors="0">
  <testcase name="UpdateQualStatus" time="38.259" classname="automationFramework.TSOrgQualStatus"/>
  <testcase name="UpdateQualStatus" time="11.248" classname="automationFramework.TSOrgQualStatus"/>
  <testcase name="UpdateQualStatus" time="10.39" classname="automationFramework.TSOrgQualStatus"/>
  <testcase name="UpdateQualStatus" time="12.814" classname="automationFramework.TSOrgQualStatus"/>
  <testcase name="UpdateQualStatus" time="10.911" classname="automationFramework.TSOrgQualStatus"/>
</testsuite> <!-- Stage/qa test -->
