<?xml version="1.0" encoding="UTF-8"?>
<!-- Generated by org.testng.reporters.JUnitXMLReporter -->
<testsuite hostname="LT-MRADFORD01" ignored="4" name="stage test multi" tests="1" failures="0" timestamp="2020-08-14T13:01:27 PDT" time="40.516" errors="0">
  <testcase name="MMDCheck" time="24.837" classname="automationFramework.TSAddOrg"/>
  <testcase name="VerifyRequiredOrgValues" time="0.0" classname="automationFramework.TSAddOrg">
    <ignored/>
  </testcase> <!-- VerifyRequiredOrgValues -->
  <testcase name="AssociateToOrg" time="0.0" classname="automationFramework.TSAddOrg">
    <ignored/>
  </testcase> <!-- AssociateToOrg -->
  <testcase name="Add_org" time="0.0" classname="automationFramework.TSAddOrg">
    <ignored/>
  </testcase> <!-- Add_org -->
  <testcase name="AssociateToOrgValidate" time="0.0" classname="automationFramework.TSAddOrg">
    <ignored/>
  </testcase> <!-- AssociateToOrgValidate -->
</testsuite> <!-- stage test multi -->
