<?xml version="1.0" encoding="UTF-8"?>
<!-- Generated by org.testng.reporters.JUnitXMLReporter -->
<testsuite hostname="LT-MRADFORD01" ignored="0" name="Stage pre test" tests="20" failures="0" timestamp="2020-08-26T16:34:41 PDT" time="3586.476" errors="0">
  <testcase name="BasicCheckout" time="163.462" classname="automationFramework.TSCheckout"/>
  <testcase name="CCCheckout" time="278.044" classname="automationFramework.TSCheckout"/>
  <testcase name="CheckoutUpdatePayment" time="103.917" classname="automationFramework.TSCheckout"/>
  <testcase name="CheckoutUpdatePayment" time="183.016" classname="automationFramework.TSCheckout"/>
  <testcase name="CheckoutUpdatePayment" time="103.765" classname="automationFramework.TSCheckout"/>
  <testcase name="CheckoutVerifyDiscounted" time="204.84" classname="automationFramework.TSCheckout"/>
  <testcase name="CheckoutVerifyShipping" time="571.866" classname="automationFramework.TSCheckout"/>
  <testcase name="CheckoutandVerify" time="129.35" classname="automationFramework.TSCheckout"/>
  <testcase name="testACH" time="152.203" classname="automationFramework.TSCheckout"/>
  <testcase name="testACH" time="161.323" classname="automationFramework.TSCheckout"/>
  <testcase name="testACH" time="146.807" classname="automationFramework.TSCheckout"/>
  <testcase name="testACH" time="170.533" classname="automationFramework.TSCheckout"/>
  <testcase name="testACH" time="291.22" classname="automationFramework.TSCheckout"/>
  <testcase name="testACH" time="196.274" classname="automationFramework.TSCheckout"/>
  <testcase name="testACHFailure" time="102.864" classname="automationFramework.TSCheckout"/>
  <testcase name="testACHFailure" time="114.103" classname="automationFramework.TSCheckout"/>
  <testcase name="testACHFailure" time="115.701" classname="automationFramework.TSCheckout"/>
  <testcase name="testACHFailure" time="138.882" classname="automationFramework.TSCheckout"/>
  <testcase name="testACHFailure" time="128.502" classname="automationFramework.TSCheckout"/>
  <testcase name="testACHFailure" time="115.553" classname="automationFramework.TSCheckout"/>
</testsuite> <!-- Stage pre test -->
