<?xml version="1.0" encoding="UTF-8"?>
<!-- Generated by org.testng.reporters.JUnitXMLReporter -->
<testsuite hostname="LT-MRADFORD01" ignored="0" name="Try for expired Orgs" tests="55" failures="0" timestamp="2021-01-29T14:33:57 PST" time="354.767" errors="0">
  <testcase name="AmpSearchForums" time="5.055" classname="automationFramework.TSSearch"/>
  <testcase name="AmpSearchForums" time="4.059" classname="automationFramework.TSSearch"/>
  <testcase name="AmpSearchForums" time="3.337" classname="automationFramework.TSSearch"/>
  <testcase name="AmpSearchForums" time="4.833" classname="automationFramework.TSSearch"/>
  <testcase name="AmpSearchForums" time="5.839" classname="automationFramework.TSSearch"/>
  <testcase name="AmpSearchForums" time="3.947" classname="automationFramework.TSSearch"/>
  <testcase name="AmpSearchForums" time="5.104" classname="automationFramework.TSSearch"/>
  <testcase name="AmpSearchForums" time="3.488" classname="automationFramework.TSSearch"/>
  <testcase name="AmpSearchForums" time="3.662" classname="automationFramework.TSSearch"/>
  <testcase name="AmpSearchForums" time="3.809" classname="automationFramework.TSSearch"/>
  <testcase name="AmpSearchForums" time="6.143" classname="automationFramework.TSSearch"/>
  <testcase name="AmpSearchForums" time="4.247" classname="automationFramework.TSSearch"/>
  <testcase name="AmpSearchForums" time="3.169" classname="automationFramework.TSSearch"/>
  <testcase name="AmpSearchForums" time="5.185" classname="automationFramework.TSSearch"/>
  <testcase name="AmpSearchForums" time="4.414" classname="automationFramework.TSSearch"/>
  <testcase name="AmpSearchForums" time="3.727" classname="automationFramework.TSSearch"/>
  <testcase name="AmpSearchForums" time="4.622" classname="automationFramework.TSSearch"/>
  <testcase name="AmpSearchForums" time="3.545" classname="automationFramework.TSSearch"/>
  <testcase name="Search" time="35.005" classname="automationFramework.TSSearch"/>
  <testcase name="SearchAndSort" time="21.878" classname="automationFramework.TSSearch"/>
  <testcase name="SearchFilterValues" time="14.054" classname="automationFramework.TSSearch"/>
  <testcase name="SearchSpellCommunity" time="31.142" classname="automationFramework.TSSearch"/>
  <testcase name="SearchSpellCommunity" time="5.487" classname="automationFramework.TSSearch"/>
  <testcase name="SearchSpellCommunity" time="6.594" classname="automationFramework.TSSearch"/>
  <testcase name="SearchSpellCommunity" time="5.582" classname="automationFramework.TSSearch"/>
  <testcase name="SearchSpellCommunity" time="6.508" classname="automationFramework.TSSearch"/>
  <testcase name="SearchSpellCommunity" time="5.251" classname="automationFramework.TSSearch"/>
  <testcase name="SearchSpellCommunity" time="6.149" classname="automationFramework.TSSearch"/>
  <testcase name="SearchSpellCommunity" time="5.381" classname="automationFramework.TSSearch"/>
  <testcase name="SearchSpellCommunity" time="4.879" classname="automationFramework.TSSearch"/>
  <testcase name="SearchSpellCommunity" time="4.878" classname="automationFramework.TSSearch"/>
  <testcase name="SearchSpellCommunity" time="5.437" classname="automationFramework.TSSearch"/>
  <testcase name="SearchSpellCommunity" time="5.32" classname="automationFramework.TSSearch"/>
  <testcase name="SearchSpellCommunity" time="5.246" classname="automationFramework.TSSearch"/>
  <testcase name="SearchSpellCommunity" time="5.474" classname="automationFramework.TSSearch"/>
  <testcase name="SearchSpellCommunity" time="5.477" classname="automationFramework.TSSearch"/>
  <testcase name="SearchSpellCommunity" time="5.252" classname="automationFramework.TSSearch"/>
  <testcase name="SearchSpellSP" time="2.879" classname="automationFramework.TSSearch"/>
  <testcase name="SearchSpellSP" time="3.182" classname="automationFramework.TSSearch"/>
  <testcase name="SearchSpellSP" time="3.221" classname="automationFramework.TSSearch"/>
  <testcase name="SearchSpellSP" time="3.493" classname="automationFramework.TSSearch"/>
  <testcase name="SearchSpellSP" time="3.588" classname="automationFramework.TSSearch"/>
  <testcase name="SearchSpellSP" time="3.3" classname="automationFramework.TSSearch"/>
  <testcase name="SearchSpellSP" time="3.713" classname="automationFramework.TSSearch"/>
  <testcase name="SearchSpellSP" time="4.296" classname="automationFramework.TSSearch"/>
  <testcase name="SearchSpellSP" time="4.944" classname="automationFramework.TSSearch"/>
  <testcase name="SearchSpellSP" time="4.439" classname="automationFramework.TSSearch"/>
  <testcase name="SearchSpellSP" time="5.697" classname="automationFramework.TSSearch"/>
  <testcase name="SearchSpellSP" time="4.792" classname="automationFramework.TSSearch"/>
  <testcase name="SearchSpellSP" time="4.821" classname="automationFramework.TSSearch"/>
  <testcase name="SearchSpellSP" time="3.958" classname="automationFramework.TSSearch"/>
  <testcase name="SearchSpellSP" time="4.533" classname="automationFramework.TSSearch"/>
  <testcase name="SearchSpellSP" time="3.979" classname="automationFramework.TSSearch"/>
  <testcase name="SearchSpellSP" time="3.57" classname="automationFramework.TSSearch"/>
  <testcase name="SearchSpellSP" time="3.833" classname="automationFramework.TSSearch"/>
</testsuite> <!-- Try for expired Orgs -->
