<?xml version="1.0" encoding="UTF-8"?>
<!-- Generated by org.testng.reporters.JUnitXMLReporter -->
<testsuite hostname="LT-MRADFORD01" ignored="0" name="Web 2 check" tests="12" failures="0" timestamp="2021-02-19T10:05:12 PST" time="335.575" errors="0">
  <testcase name="TenWorstPages" time="16.11" classname="automationFramework.TSTimers"/>
  <testcase name="TenWorstPages" time="13.883" classname="automationFramework.TSTimers"/>
  <testcase name="TenWorstPages" time="6.359" classname="automationFramework.TSTimers"/>
  <testcase name="TenWorstPages" time="10.56" classname="automationFramework.TSTimers"/>
  <testcase name="TenWorstPages" time="11.284" classname="automationFramework.TSTimers"/>
  <testcase name="TenWorstPages" time="13.682" classname="automationFramework.TSTimers"/>
  <testcase name="TenWorstPages" time="14.813" classname="automationFramework.TSTimers"/>
  <testcase name="TenWorstPages" time="14.503" classname="automationFramework.TSTimers"/>
  <testcase name="TenWorstPages" time="6.895" classname="automationFramework.TSTimers"/>
  <testcase name="TenWorstPages" time="7.952" classname="automationFramework.TSTimers"/>
  <testcase name="Timers" time="72.162" classname="automationFramework.TSTimers"/>
  <testcase name="TimersLoggedIn" time="132.385" classname="automationFramework.TSTimers"/>
</testsuite> <!-- Web 2 check -->
